2026-04-17 22:34:28.618 [info] [LS Main] Starting language server from: /opt/Antigravity/resources/app/extensions/antigravity/bin/language_server_linux_x64
2026-04-17 22:34:28.645 [info] [LS Main] Args: --csrf_token 927009a4-2041-44ba-9dc0-94bb0d8de4c5 --extension_server_port 42711 --extension_server_csrf_token 1608511a-b30c-41e9-b14a-213c939d4dcb --app_data_dir antigravity --cloud_code_endpoint https://cloudcode-pa.googleapis.com
2026-04-17 22:34:28.649 [info] [LS Main] Process spawned with PID: 11892
2026-04-17 22:34:28.701 [error] [LS Main stderr] I0417 22:34:28.701065 11892 server.go:1236] Starting language server process with pid 11892
I0417 22:34:28.701139 11892 server.go:301] Setting GOMAXPROCS to 4

2026-04-17 22:34:28.702 [error] [LS Main stderr] I0417 22:34:28.701953 11892 server.go:440] Language server will attempt to listen on host 127.0.0.1

2026-04-17 22:34:28.702 [error] [LS Main stderr] I0417 22:34:28.702189 11892 server.go:454] Language server listening on random port at 40485 for HTTPS (gRPC)
I0417 22:34:28.702215 11892 server.go:461] Language server listening on random port at 34419 for HTTP

2026-04-17 22:34:29.535 [error] [LS Main stderr] I0417 22:34:29.535146 11892 server.go:433] Created extension server client at port 42711

2026-04-17 22:34:29.548 [error] [LS Main stderr] I0417 22:34:29.548152 11892 cascade_manager.go:773] Reactive state is disabled

2026-04-17 22:34:29.552 [error] [LS Main stderr] E0417 22:34:29.552279 11892 log.go:398] Failed to poll ListExperiments: error getting token source: state syncing error: key not found

2026-04-17 22:34:29.554 [error] [LS Main stderr] E0417 22:34:29.553816 11892 server.go:544] Failed to get OAuth token: error getting token source from auth provider: state syncing error: key not found
W0417 22:34:29.553864 11892 client.go:167] failed to set auth token

2026-04-17 22:34:29.556 [info] [LS Main] LS started on port 40485
2026-04-17 22:34:29.558 [error] [LS Main stderr] W0417 22:34:29.555717 11892 log_context.go:118] Cache(loadCodeAssistResponse): Singleflight refresh failed: error getting token source: state syncing error: key not found
W0417 22:34:29.555749 11892 log_context.go:118] Cache(availableModels): Singleflight refresh failed: failed to get load code assist response: error getting token source: state syncing error: key not found
E0417 22:34:29.555778 11892 log.go:398] Failed to poll FetchAvailableModels: failed to get load code assist response: error getting token source: state syncing error: key not found
W0417 22:34:29.555950 11892 log_context.go:118] Cache(userInfo): Singleflight refresh failed: error getting token source: state syncing error: key not found
I0417 22:34:29.557904 11892 server.go:1693] initialized server successfully in 856.751256ms

2026-04-17 22:35:29.550 [error] [LS Main stderr] E0417 22:35:29.549344 11892 log.go:398] Failed to poll ListExperiments: error getting token source: state syncing error: key not found

2026-04-17 22:35:29.550 [error] [LS Main stderr] W0417 22:35:29.550229 11892 log_context.go:118] Cache(loadCodeAssistResponse): Singleflight refresh failed: error getting token source: state syncing error: key not found
W0417 22:35:29.550450 11892 log_context.go:118] Cache(availableModels): Singleflight refresh failed: failed to get load code assist response: error getting token source: state syncing error: key not found

2026-04-17 22:35:29.550 [error] [LS Main stderr] E0417 22:35:29.550583 11892 log.go:398] Failed to poll FetchAvailableModels: failed to get load code assist response: error getting token source: state syncing error: key not found

2026-04-17 22:36:04.790 [error] [LS Main stderr] W0417 22:36:04.790412 11892 log_context.go:118] Cache(userInfo): Singleflight refresh failed: error getting token source: state syncing error: key not found
W0417 22:36:04.790443 11892 log_context.go:118] Cache(peopleInfo): Singleflight refresh failed: error getting token source: state syncing error: key not found
W0417 22:36:04.790532 11892 log_context.go:118] Failed to refresh cache in background: error getting token source: state syncing error: key not found

2026-04-17 22:36:04.791 [error] [LS Main stderr] W0417 22:36:04.790555 11892 log_context.go:118] Cache(loadCodeAssistResponse): Singleflight refresh failed: error getting token source: state syncing error: key not found
W0417 22:36:04.790643 11892 log_context.go:118] Cache(availableModels): Singleflight refresh failed: failed to get load code assist response: error getting token source: state syncing error: key not found
W0417 22:36:04.790668 11892 log_context.go:118] Failed to refresh cache in background: failed to get load code assist response: error getting token source: state syncing error: key not found
W0417 22:36:04.790688 11892 log_context.go:118] Failed to refresh cache in background: error getting token source: state syncing error: key not found
W0417 22:36:04.790695 11892 log_context.go:118] Cache(fetchAdminControls): Singleflight refresh failed: failed to get load code assist response: error getting token source: state syncing error: key not found
W0417 22:36:04.790764 11892 log_context.go:118] Failed to refresh cache in background: failed to get load code assist response: error getting token source: state syncing error: key not found
W0417 22:36:04.790694 11892 log_context.go:118] Failed to refresh cache in background: error getting token source: state syncing error: key not found

2026-04-17 22:36:06.935 [error] [LS Main stderr] W0417 22:36:06.935687 11892 log_context.go:118] Cache(loadCodeAssistResponse): Singleflight refresh failed: error getting token source: state syncing error: key not found
W0417 22:36:06.935748 11892 log_context.go:118] Cache(availableModels): Singleflight refresh failed: failed to get load code assist response: error getting token source: state syncing error: key not found
W0417 22:36:06.935775 11892 log_context.go:118] Failed to refresh cache in background: failed to get load code assist response: error getting token source: state syncing error: key not found
W0417 22:36:06.935681 11892 log_context.go:118] Cache(peopleInfo): Singleflight refresh failed: error getting token source: state syncing error: key not found
W0417 22:36:06.935772 11892 log_context.go:118] Cache(userInfo): Singleflight refresh failed: error getting token source: state syncing error: key not found
W0417 22:36:06.935855 11892 log_context.go:118] Failed to refresh cache in background: error getting token source: state syncing error: key not found

2026-04-17 22:36:06.937 [error] [LS Main stderr] W0417 22:36:06.935800 11892 log_context.go:118] Failed to refresh cache in background: error getting token source: state syncing error: key not found
W0417 22:36:06.935877 11892 log_context.go:118] Cache(fetchAdminControls): Singleflight refresh failed: failed to get load code assist response: error getting token source: state syncing error: key not found
W0417 22:36:06.935933 11892 log_context.go:118] Failed to refresh cache in background: failed to get load code assist response: error getting token source: state syncing error: key not found
W0417 22:36:06.935903 11892 log_context.go:118] Failed to refresh cache in background: error getting token source: state syncing error: key not found

2026-04-17 22:36:13.174 [error] [LS Main stderr] W0417 22:36:13.173971 11892 log_context.go:118] Cache(userInfo): Singleflight refresh failed: error getting token source: state syncing error: key not found
W0417 22:36:13.174036 11892 log_context.go:118] Failed to refresh cache in background: error getting token source: state syncing error: key not found

2026-04-17 22:36:13.175 [error] [LS Main stderr] W0417 22:36:13.173982 11892 log_context.go:118] Cache(peopleInfo): Singleflight refresh failed: error getting token source: state syncing error: key not found
W0417 22:36:13.174081 11892 log_context.go:118] Failed to refresh cache in background: error getting token source: state syncing error: key not found
W0417 22:36:13.174143 11892 log_context.go:118] Cache(loadCodeAssistResponse): Singleflight refresh failed: error getting token source: state syncing error: key not found
W0417 22:36:13.174239 11892 log_context.go:118] Cache(availableModels): Singleflight refresh failed: failed to get load code assist response: error getting token source: state syncing error: key not found
W0417 22:36:13.174260 11892 log_context.go:118] Failed to refresh cache in background: failed to get load code assist response: error getting token source: state syncing error: key not found
W0417 22:36:13.174289 11892 log_context.go:118] Failed to refresh cache in background: error getting token source: state syncing error: key not found
W0417 22:36:13.174333 11892 log_context.go:118] Cache(fetchAdminControls): Singleflight refresh failed: failed to get load code assist response: error getting token source: state syncing error: key not found
W0417 22:36:13.174349 11892 log_context.go:118] Failed to refresh cache in background: failed to get load code assist response: error getting token source: state syncing error: key not found

2026-04-17 22:36:32.598 [error] [LS Main stderr] I0417 22:36:32.597848 11892 http_helpers.go:151] URL: https://daily-cloudcode-pa.googleapis.com/v1internal:loadCodeAssist Trace: 0xdff892460027c94c

2026-04-17 22:36:34.667 [error] [LS Main stderr] I0417 22:36:34.667055 11892 http_helpers.go:151] URL: https://daily-cloudcode-pa.googleapis.com/v1internal:fetchAvailableModels Trace: 0xd50a8fbeab97f3cf

2026-04-17 22:39:34.270 [error] [LS Main stderr] I0417 22:39:34.270024 11892 http_helpers.go:151] URL: https://daily-cloudcode-pa.googleapis.com/v1internal:loadCodeAssist Trace: 0xaefdc79ddbe21d2c

2026-04-17 22:39:36.119 [error] [LS Main stderr] I0417 22:39:36.118875 11892 http_helpers.go:151] URL: https://daily-cloudcode-pa.googleapis.com/v1internal:fetchAvailableModels Trace: 0x9ee1dddec6c22e8a

2026-04-17 22:44:33.899 [error] [LS Main stderr] I0417 22:44:33.898788 11892 http_helpers.go:151] URL: https://daily-cloudcode-pa.googleapis.com/v1internal:loadCodeAssist Trace: 0x7af742a474ff6078

2026-04-17 22:44:35.947 [error] [LS Main stderr] I0417 22:44:35.946650 11892 http_helpers.go:151] URL: https://daily-cloudcode-pa.googleapis.com/v1internal:fetchAvailableModels Trace: 0x4c9440950eaf505f

2026-04-17 22:46:37.209 [error] [LS Main stderr] E0417 22:46:37.209737 11892 log.go:398] failed to check terminal shell support: internal: internal error

2026-04-17 22:46:37.234 [error] [LS Main stderr] I0417 22:46:37.234679 11892 planner_generator.go:283] Requesting planner with 3 chat messages at model retry attempt 1 and API retry attempt 1

2026-04-17 22:46:42.310 [error] [LS Main stderr] I0417 22:46:42.309904 11892 http_helpers.go:151] URL: https://daily-cloudcode-pa.googleapis.com/v1internal:streamGenerateContent?alt=sse Trace: 0xe25584741425ee3f

2026-04-17 22:46:44.751 [error] [LS Main stderr] I0417 22:46:44.751765 11892 planner_generator.go:283] Requesting planner with 4 chat messages at model retry attempt 1 and API retry attempt 1

2026-04-17 22:46:46.203 [error] [LS Main stderr] I0417 22:46:46.203191 11892 http_helpers.go:151] URL: https://daily-cloudcode-pa.googleapis.com/v1internal:streamGenerateContent?alt=sse Trace: 0x722eceedcf65faa7

2026-04-17 22:46:49.337 [error] [LS Main stderr] I0417 22:46:49.336854 11892 http_helpers.go:151] URL: https://daily-cloudcode-pa.googleapis.com/v1internal:streamGenerateContent?alt=sse Trace: 0xec113a51cb2e51ab

2026-04-17 22:47:36.589 [error] [LS Main stderr] I0417 22:47:36.589413 11892 http_helpers.go:151] URL: https://daily-cloudcode-pa.googleapis.com/v1internal:streamGenerateContent?alt=sse Trace: 0x7a3be8418c7d8cac

2026-04-17 22:47:37.604 [error] [LS Main stderr] I0417 22:47:37.604236 11892 http_helpers.go:151] URL: https://daily-cloudcode-pa.googleapis.com/v1internal:streamGenerateContent?alt=sse Trace: 0xf6c79e6563e0db20

2026-04-17 22:47:38.007 [error] [LS Main stderr] I0417 22:47:38.006873 11892 http_helpers.go:151] URL: https://daily-cloudcode-pa.googleapis.com/v1internal:streamGenerateContent?alt=sse Trace: 0xb7bfaf4c97aa6c9e

2026-04-17 22:47:44.521 [error] [LS Main stderr] E0417 22:47:44.521739 11892 log.go:398] Failed to set trajectory start index for sync refresh: could not convert a single message before hitting truncation

2026-04-17 22:47:44.523 [error] [LS Main stderr] E0417 22:47:44.523464 11892 log.go:398] Failed to set trajectory start index for async refresh: could not convert a single message before hitting truncation

2026-04-17 22:47:45.587 [error] [LS Main stderr] I0417 22:47:45.587132 11892 http_helpers.go:151] URL: https://daily-cloudcode-pa.googleapis.com/v1internal:streamGenerateContent?alt=sse Trace: 0x6c8b46f6fa4b8845

2026-04-17 22:47:46.003 [error] [LS Main stderr] I0417 22:47:46.003567 11892 http_helpers.go:151] URL: https://daily-cloudcode-pa.googleapis.com/v1internal:streamGenerateContent?alt=sse Trace: 0x19c282dd4d0516b2

2026-04-17 22:47:51.940 [error] [LS Main stderr] I0417 22:47:51.940404 11892 http_helpers.go:151] URL: https://daily-cloudcode-pa.googleapis.com/v1internal:streamGenerateContent?alt=sse Trace: 0x7fe1626728938507

2026-04-17 22:47:52.145 [error] [LS Main stderr] I0417 22:47:52.144920 11892 http_helpers.go:151] URL: https://daily-cloudcode-pa.googleapis.com/v1internal:streamGenerateContent?alt=sse Trace: 0xe6133c5aaeae02f1

2026-04-17 22:47:52.555 [error] [LS Main stderr] I0417 22:47:52.554606 11892 http_helpers.go:151] URL: https://daily-cloudcode-pa.googleapis.com/v1internal:streamGenerateContent?alt=sse Trace: 0xb8a2285c7f08da6c

2026-04-17 22:48:47.645 [error] [LS Main stderr] I0417 22:48:47.645404 11892 http_helpers.go:151] URL: https://daily-cloudcode-pa.googleapis.com/v1internal:streamGenerateContent?alt=sse Trace: 0xe7ac7fef56bff60a

2026-04-17 22:48:47.757 [error] [LS Main stderr] E0417 22:48:47.756745 11892 log.go:398] Failed to set trajectory start index for sync refresh: could not convert a single message before hitting truncation

2026-04-17 22:48:47.765 [error] [LS Main stderr] E0417 22:48:47.765628 11892 log.go:398] Failed to set trajectory start index for async refresh: could not convert a single message before hitting truncation

2026-04-17 22:48:48.055 [error] [LS Main stderr] I0417 22:48:48.055499 11892 http_helpers.go:151] URL: https://daily-cloudcode-pa.googleapis.com/v1internal:streamGenerateContent?alt=sse Trace: 0x71e96e62c4ec9f45

2026-04-17 22:48:49.489 [error] [LS Main stderr] I0417 22:48:49.488994 11892 http_helpers.go:151] URL: https://daily-cloudcode-pa.googleapis.com/v1internal:streamGenerateContent?alt=sse Trace: 0x8dc5e3dab9105b41

2026-04-17 22:48:49.687 [error] [LS Main stderr] I0417 22:48:49.686897 11892 http_helpers.go:151] URL: https://daily-cloudcode-pa.googleapis.com/v1internal:streamGenerateContent?alt=sse Trace: 0x62ae40d2b77035cb

2026-04-17 22:48:50.427 [error] [LS Main stderr] E0417 22:48:50.426913 11892 log.go:398] Failed to set trajectory start index for sync refresh: could not convert a single message before hitting truncation

2026-04-17 22:48:50.427 [error] [LS Main stderr] E0417 22:48:50.427023 11892 log.go:398] Failed to set trajectory start index for sync refresh: could not convert a single message before hitting truncation

2026-04-17 22:48:50.429 [error] [LS Main stderr] E0417 22:48:50.428919 11892 log.go:398] Failed to set trajectory start index for async refresh: could not convert a single message before hitting truncation

2026-04-17 22:48:50.429 [error] [LS Main stderr] E0417 22:48:50.429003 11892 log.go:398] Failed to set trajectory start index for async refresh: could not convert a single message before hitting truncation

2026-04-17 22:48:51.742 [error] [LS Main stderr] I0417 22:48:51.741652 11892 http_helpers.go:151] URL: https://daily-cloudcode-pa.googleapis.com/v1internal:streamGenerateContent?alt=sse Trace: 0xae5c89f53db1f822

2026-04-17 22:48:51.947 [error] [LS Main stderr] I0417 22:48:51.946611 11892 http_helpers.go:151] URL: https://daily-cloudcode-pa.googleapis.com/v1internal:streamGenerateContent?alt=sse Trace: 0x9c74465fe63e09a9

2026-04-17 22:48:56.839 [error] [LS Main stderr] I0417 22:48:56.839268 11892 http_helpers.go:151] URL: https://daily-cloudcode-pa.googleapis.com/v1internal:streamGenerateContent?alt=sse Trace: 0x5f7fdb26aeed54d0

2026-04-17 22:48:57.889 [error] [LS Main stderr] I0417 22:48:57.888475 11892 http_helpers.go:151] URL: https://daily-cloudcode-pa.googleapis.com/v1internal:streamGenerateContent?alt=sse Trace: 0x85b1948a7959b6dc

2026-04-17 22:48:57.889 [error] [LS Main stderr] I0417 22:48:57.888964 11892 http_helpers.go:151] URL: https://daily-cloudcode-pa.googleapis.com/v1internal:streamGenerateContent?alt=sse Trace: 0x68437be49c99e6d4

2026-04-17 22:48:58.906 [error] [LS Main stderr] I0417 22:48:58.905922 11892 http_helpers.go:151] URL: https://daily-cloudcode-pa.googleapis.com/v1internal:streamGenerateContent?alt=sse Trace: 0xfe45211be8c0befe

2026-04-17 22:49:07.569 [error] [LS Main stderr] I0417 22:49:07.568856 11892 http_helpers.go:151] URL: https://daily-cloudcode-pa.googleapis.com/v1internal:streamGenerateContent?alt=sse Trace: 0x17900341752f0eaf

2026-04-17 22:49:07.716 [error] [LS Main stderr] I0417 22:49:07.715701 11892 http_helpers.go:151] URL: https://daily-cloudcode-pa.googleapis.com/v1internal:streamGenerateContent?alt=sse Trace: 0xdddd0d62dd725666

2026-04-17 22:49:09.965 [error] [LS Main stderr] I0417 22:49:09.965350 11892 http_helpers.go:151] URL: https://daily-cloudcode-pa.googleapis.com/v1internal:streamGenerateContent?alt=sse Trace: 0x962e246f76205d29

2026-04-17 22:49:09.968 [error] [LS Main stderr] I0417 22:49:09.967961 11892 http_helpers.go:151] URL: https://daily-cloudcode-pa.googleapis.com/v1internal:streamGenerateContent?alt=sse Trace: 0x3724e7437707490b

2026-04-17 22:49:10.009 [error] [LS Main stderr] I0417 22:49:10.008897 11892 http_helpers.go:151] URL: https://daily-cloudcode-pa.googleapis.com/v1internal:streamGenerateContent?alt=sse Trace: 0xe4708148dd0b65bf

2026-04-17 22:49:12.017 [error] [LS Main stderr] I0417 22:49:12.017368 11892 http_helpers.go:151] URL: https://daily-cloudcode-pa.googleapis.com/v1internal:streamGenerateContent?alt=sse Trace: 0x427202d7c1828094

2026-04-17 22:49:15.902 [error] [LS Main stderr] I0417 22:49:15.902172 11892 http_helpers.go:151] URL: https://daily-cloudcode-pa.googleapis.com/v1internal:streamGenerateContent?alt=sse Trace: 0xc5125db18379960f

2026-04-17 22:49:15.903 [error] [LS Main stderr] I0417 22:49:15.903765 11892 http_helpers.go:151] URL: https://daily-cloudcode-pa.googleapis.com/v1internal:streamGenerateContent?alt=sse Trace: 0x8e728e4382687d21
I0417 22:49:15.903846 11892 http_helpers.go:151] URL: https://daily-cloudcode-pa.googleapis.com/v1internal:streamGenerateContent?alt=sse Trace: 0x3f02689e71b4a508

2026-04-17 22:49:16.113 [error] [LS Main stderr] I0417 22:49:16.112943 11892 http_helpers.go:151] URL: https://daily-cloudcode-pa.googleapis.com/v1internal:streamGenerateContent?alt=sse Trace: 0xc4ac24104e904f4b

2026-04-17 22:49:16.318 [error] [LS Main stderr] I0417 22:49:16.317603 11892 http_helpers.go:151] URL: https://daily-cloudcode-pa.googleapis.com/v1internal:streamGenerateContent?alt=sse Trace: 0x2d1188045156187

2026-04-17 22:49:33.316 [error] [LS Main stderr] I0417 22:49:33.316278 11892 http_helpers.go:151] URL: https://daily-cloudcode-pa.googleapis.com/v1internal:loadCodeAssist Trace: 0x85e8cccb2a24bd67

2026-04-17 22:49:35.159 [error] [LS Main stderr] I0417 22:49:35.159347 11892 http_helpers.go:151] URL: https://daily-cloudcode-pa.googleapis.com/v1internal:fetchAvailableModels Trace: 0x82c6b20ef3639076

2026-04-17 22:49:45.809 [error] [LS Main stderr] I0417 22:49:45.809226 11892 http_helpers.go:151] URL: https://daily-cloudcode-pa.googleapis.com/v1internal:streamGenerateContent?alt=sse Trace: 0x7a05b9c6adc4a251

2026-04-17 22:49:46.013 [error] [LS Main stderr] I0417 22:49:46.013527 11892 http_helpers.go:151] URL: https://daily-cloudcode-pa.googleapis.com/v1internal:streamGenerateContent?alt=sse Trace: 0x6229df4648aac553

2026-04-17 22:50:04.324 [error] [LS Main stderr] E0417 22:50:04.323964 11892 log.go:398] failed to check terminal shell support: internal: internal error

2026-04-17 22:50:04.339 [error] [LS Main stderr] I0417 22:50:04.339136 11892 planner_generator.go:283] Requesting planner with 11 chat messages at model retry attempt 1 and API retry attempt 1

2026-04-17 22:50:09.361 [error] [LS Main stderr] I0417 22:50:09.360949 11892 http_helpers.go:151] URL: https://daily-cloudcode-pa.googleapis.com/v1internal:streamGenerateContent?alt=sse Trace: 0xfcf7c9f01702c64

2026-04-17 22:50:15.712 [error] [LS Main stderr] I0417 22:50:15.711829 11892 planner_generator.go:283] Requesting planner with 12 chat messages at model retry attempt 1 and API retry attempt 1

2026-04-17 22:50:20.737 [error] [LS Main stderr] I0417 22:50:20.737474 11892 http_helpers.go:151] URL: https://daily-cloudcode-pa.googleapis.com/v1internal:streamGenerateContent?alt=sse Trace: 0x86f300982ba550cc

2026-04-17 22:50:22.675 [error] [LS Main stderr] I0417 22:50:22.674893 11892 planner_generator.go:283] Requesting planner with 14 chat messages at model retry attempt 1 and API retry attempt 1

2026-04-17 22:50:26.872 [error] [LS Main stderr] I0417 22:50:26.871528 11892 http_helpers.go:151] URL: https://daily-cloudcode-pa.googleapis.com/v1internal:streamGenerateContent?alt=sse Trace: 0xd128663859b1cad5

2026-04-17 22:50:28.624 [error] [LS Main stderr] I0417 22:50:28.624221 11892 planner_generator.go:283] Requesting planner with 16 chat messages at model retry attempt 1 and API retry attempt 1

2026-04-17 22:50:32.913 [error] [LS Main stderr] I0417 22:50:32.913399 11892 http_helpers.go:151] URL: https://daily-cloudcode-pa.googleapis.com/v1internal:streamGenerateContent?alt=sse Trace: 0xa1f691a54c878d7f

2026-04-17 22:50:43.789 [error] [LS Main stderr] I0417 22:50:43.789319 11892 planner_generator.go:283] Requesting planner with 18 chat messages at model retry attempt 1 and API retry attempt 1

2026-04-17 22:50:50.321 [error] [LS Main stderr] I0417 22:50:50.321265 11892 http_helpers.go:151] URL: https://daily-cloudcode-pa.googleapis.com/v1internal:streamGenerateContent?alt=sse Trace: 0xe77e0c1cae0a7e71

2026-04-17 22:51:49.502 [error] [LS Main stderr] E0417 22:51:49.502284 11892 log.go:398] failed to check terminal shell support: internal: internal error

2026-04-17 22:51:49.519 [error] [LS Main stderr] I0417 22:51:49.519115 11892 planner_generator.go:283] Requesting planner with 21 chat messages at model retry attempt 1 and API retry attempt 1

2026-04-17 22:51:55.656 [error] [LS Main stderr] I0417 22:51:55.655557 11892 http_helpers.go:151] URL: https://daily-cloudcode-pa.googleapis.com/v1internal:streamGenerateContent?alt=sse Trace: 0xdb3b2976b8e49456

2026-04-17 22:51:59.358 [error] [LS Main stderr] I0417 22:51:59.358493 11892 planner_generator.go:283] Requesting planner with 22 chat messages at model retry attempt 1 and API retry attempt 1

2026-04-17 22:52:05.688 [error] [LS Main stderr] I0417 22:52:05.687592 11892 http_helpers.go:151] URL: https://daily-cloudcode-pa.googleapis.com/v1internal:streamGenerateContent?alt=sse Trace: 0x4d8ccc0a29b4bf8e

2026-04-17 22:52:07.554 [error] [LS Main stderr] I0417 22:52:07.554018 11892 planner_generator.go:283] Requesting planner with 24 chat messages at model retry attempt 1 and API retry attempt 1

2026-04-17 22:52:12.660 [error] [LS Main stderr] I0417 22:52:12.659792 11892 http_helpers.go:151] URL: https://daily-cloudcode-pa.googleapis.com/v1internal:streamGenerateContent?alt=sse Trace: 0x5519bd1e58673c33

2026-04-17 22:52:13.892 [error] [LS Main stderr] I0417 22:52:13.892527 11892 planner_generator.go:283] Requesting planner with 26 chat messages at model retry attempt 1 and API retry attempt 1

2026-04-17 22:52:19.412 [error] [LS Main stderr] I0417 22:52:19.412345 11892 http_helpers.go:151] URL: https://daily-cloudcode-pa.googleapis.com/v1internal:streamGenerateContent?alt=sse Trace: 0xa113b05956e748df

2026-04-17 22:52:20.958 [error] [LS Main stderr] I0417 22:52:20.957736 11892 planner_generator.go:283] Requesting planner with 28 chat messages at model retry attempt 1 and API retry attempt 1

2026-04-17 22:52:25.370 [error] [LS Main stderr] I0417 22:52:25.370232 11892 http_helpers.go:151] URL: https://daily-cloudcode-pa.googleapis.com/v1internal:streamGenerateContent?alt=sse Trace: 0x50f06f60d1f0b2f6

2026-04-17 22:52:51.420 [error] [LS Main stderr] I0417 22:52:51.420677 11892 planner_generator.go:283] Requesting planner with 30 chat messages at model retry attempt 1 and API retry attempt 1

2026-04-17 22:52:57.707 [error] [LS Main stderr] I0417 22:52:57.706622 11892 http_helpers.go:151] URL: https://daily-cloudcode-pa.googleapis.com/v1internal:streamGenerateContent?alt=sse Trace: 0x70670b36f0fdaa0e

2026-04-17 22:53:41.593 [error] [LS Main stderr] I0417 22:53:41.593255 11892 planner_generator.go:283] Requesting planner with 32 chat messages at model retry attempt 1 and API retry attempt 1

2026-04-17 22:53:46.654 [error] [LS Main stderr] I0417 22:53:46.654267 11892 http_helpers.go:151] URL: https://daily-cloudcode-pa.googleapis.com/v1internal:streamGenerateContent?alt=sse Trace: 0xad378c74bc1061eb

2026-04-17 22:53:48.307 [error] [LS Main stderr] I0417 22:53:48.307221 11892 planner_generator.go:283] Requesting planner with 34 chat messages at model retry attempt 1 and API retry attempt 1

2026-04-17 22:53:53.413 [error] [LS Main stderr] I0417 22:53:53.412587 11892 http_helpers.go:151] URL: https://daily-cloudcode-pa.googleapis.com/v1internal:streamGenerateContent?alt=sse Trace: 0x7905181dd1f3d494

2026-04-17 22:54:02.633 [error] [LS Main stderr] I0417 22:54:02.632769 11892 planner_generator.go:283] Requesting planner with 37 chat messages at model retry attempt 1 and API retry attempt 1

2026-04-17 22:54:07.953 [error] [LS Main stderr] I0417 22:54:07.953369 11892 http_helpers.go:151] URL: https://daily-cloudcode-pa.googleapis.com/v1internal:streamGenerateContent?alt=sse Trace: 0xeac2c2de10a4ccf3

2026-04-17 22:54:09.198 [error] [LS Main stderr] I0417 22:54:09.197944 11892 planner_generator.go:283] Requesting planner with 39 chat messages at model retry attempt 1 and API retry attempt 1

2026-04-17 22:54:14.712 [error] [LS Main stderr] I0417 22:54:14.711564 11892 http_helpers.go:151] URL: https://daily-cloudcode-pa.googleapis.com/v1internal:streamGenerateContent?alt=sse Trace: 0xab64f5863f648a96

2026-04-17 22:54:33.342 [error] [LS Main stderr] I0417 22:54:33.342253 11892 http_helpers.go:151] URL: https://daily-cloudcode-pa.googleapis.com/v1internal:loadCodeAssist Trace: 0xcc8f61f76cb99e2

2026-04-17 22:54:35.192 [error] [LS Main stderr] I0417 22:54:35.191817 11892 http_helpers.go:151] URL: https://daily-cloudcode-pa.googleapis.com/v1internal:fetchAvailableModels Trace: 0x93fa735dcc55db50

2026-04-17 22:54:35.209 [error] [LS Main stderr] I0417 22:54:35.209259 11892 planner_generator.go:283] Requesting planner with 41 chat messages at model retry attempt 1 and API retry attempt 1

2026-04-17 22:54:41.131 [error] [LS Main stderr] I0417 22:54:41.131013 11892 http_helpers.go:151] URL: https://daily-cloudcode-pa.googleapis.com/v1internal:streamGenerateContent?alt=sse Trace: 0x9e95fbcee246b1fc

2026-04-17 22:54:42.587 [error] [LS Main stderr] I0417 22:54:42.586901 11892 planner_generator.go:283] Requesting planner with 43 chat messages at model retry attempt 1 and API retry attempt 1

2026-04-17 22:54:48.628 [error] [LS Main stderr] I0417 22:54:48.628460 11892 http_helpers.go:151] URL: https://daily-cloudcode-pa.googleapis.com/v1internal:streamGenerateContent?alt=sse Trace: 0xad5553ecf592d415

2026-04-17 22:54:53.624 [error] [LS Main stderr] I0417 22:54:53.624005 11892 planner_generator.go:283] Requesting planner with 46 chat messages at model retry attempt 1 and API retry attempt 1

2026-04-17 22:54:59.153 [error] [LS Main stderr] I0417 22:54:59.153108 11892 http_helpers.go:151] URL: https://daily-cloudcode-pa.googleapis.com/v1internal:streamGenerateContent?alt=sse Trace: 0x665773a5d949436f

2026-04-17 22:55:30.180 [error] [LS Main stderr] I0417 22:55:30.180293 11892 planner_generator.go:283] Requesting planner with 48 chat messages at model retry attempt 1 and API retry attempt 1

2026-04-17 22:55:34.793 [error] [LS Main stderr] I0417 22:55:34.792750 11892 http_helpers.go:151] URL: https://daily-cloudcode-pa.googleapis.com/v1internal:streamGenerateContent?alt=sse Trace: 0x4d306560e2b35b80

2026-04-17 22:55:42.266 [error] [LS Main stderr] I0417 22:55:42.266672 11892 planner_generator.go:283] Requesting planner with 50 chat messages at model retry attempt 1 and API retry attempt 1

2026-04-17 22:55:48.101 [error] [LS Main stderr] I0417 22:55:48.100672 11892 http_helpers.go:151] URL: https://daily-cloudcode-pa.googleapis.com/v1internal:streamGenerateContent?alt=sse Trace: 0x9d275a0e9ae691b5

2026-04-17 22:55:49.740 [error] [LS Main stderr] I0417 22:55:49.740281 11892 planner_generator.go:198] Model output error: failed to read file: open /tmp/end4/.config/hypr/hyprland/rules.conf: no such file or directory
E0417 22:55:49.740358 11892 log.go:398] model output error: invalid tool call error (invalid_args) failed to read file: open /tmp/end4/.config/hypr/hyprland/rules.conf: no such file or directory

2026-04-17 22:55:49.746 [error] [LS Main stderr] I0417 22:55:49.746153 11892 planner_generator.go:283] Requesting planner with 52 chat messages at model retry attempt 2 and API retry attempt 1

2026-04-17 22:55:53.835 [error] [LS Main stderr] I0417 22:55:53.835124 11892 http_helpers.go:151] URL: https://daily-cloudcode-pa.googleapis.com/v1internal:streamGenerateContent?alt=sse Trace: 0x254573114d95f3b4

2026-04-17 22:55:59.542 [error] [LS Main stderr] E0417 22:55:59.542298 11892 log.go:398] error executing cascade step: CORTEX_STEP_TYPE_LIST_DIRECTORY: directory /tmp/end4/.config/hypr does not exist

2026-04-17 22:55:59.569 [error] [LS Main stderr] I0417 22:55:59.568979 11892 planner_generator.go:283] Requesting planner with 54 chat messages at model retry attempt 1 and API retry attempt 1

2026-04-17 22:56:05.509 [error] [LS Main stderr] I0417 22:56:05.508748 11892 http_helpers.go:151] URL: https://daily-cloudcode-pa.googleapis.com/v1internal:streamGenerateContent?alt=sse Trace: 0x43956f592d8fae66

2026-04-17 22:56:13.590 [error] [LS Main stderr] I0417 22:56:13.590652 11892 planner_generator.go:283] Requesting planner with 56 chat messages at model retry attempt 1 and API retry attempt 1

2026-04-17 22:56:19.434 [error] [LS Main stderr] I0417 22:56:19.434429 11892 http_helpers.go:151] URL: https://daily-cloudcode-pa.googleapis.com/v1internal:streamGenerateContent?alt=sse Trace: 0x9c38442b4ccc86e1

2026-04-17 22:56:21.088 [error] [LS Main stderr] I0417 22:56:21.088439 11892 planner_generator.go:283] Requesting planner with 58 chat messages at model retry attempt 1 and API retry attempt 1

2026-04-17 22:56:26.758 [error] [LS Main stderr] I0417 22:56:26.758159 11892 http_helpers.go:151] URL: https://daily-cloudcode-pa.googleapis.com/v1internal:streamGenerateContent?alt=sse Trace: 0x77588a522bf42696

2026-04-17 22:56:28.455 [error] [LS Main stderr] I0417 22:56:28.455569 11892 planner_generator.go:283] Requesting planner with 60 chat messages at model retry attempt 1 and API retry attempt 1

2026-04-17 22:56:33.361 [error] [LS Main stderr] I0417 22:56:33.361443 11892 http_helpers.go:151] URL: https://daily-cloudcode-pa.googleapis.com/v1internal:streamGenerateContent?alt=sse Trace: 0x8eab812c6dbf2dcb

2026-04-17 22:56:34.913 [error] [LS Main stderr] I0417 22:56:34.913392 11892 planner_generator.go:283] Requesting planner with 62 chat messages at model retry attempt 1 and API retry attempt 1

2026-04-17 22:56:40.529 [error] [LS Main stderr] I0417 22:56:40.529368 11892 http_helpers.go:151] URL: https://daily-cloudcode-pa.googleapis.com/v1internal:streamGenerateContent?alt=sse Trace: 0xaffaef0b59d5b9f

2026-04-17 22:56:50.779 [error] [LS Main stderr] I0417 22:56:50.779375 11892 planner_generator.go:283] Requesting planner with 64 chat messages at model retry attempt 1 and API retry attempt 1

2026-04-17 22:56:56.292 [error] [LS Main stderr] I0417 22:56:56.292724 11892 http_helpers.go:151] URL: https://daily-cloudcode-pa.googleapis.com/v1internal:streamGenerateContent?alt=sse Trace: 0x58ad64608699d588

2026-04-17 22:56:57.746 [error] [LS Main stderr] I0417 22:56:57.745793 11892 planner_generator.go:283] Requesting planner with 66 chat messages at model retry attempt 1 and API retry attempt 1

2026-04-17 22:57:02.647 [error] [LS Main stderr] I0417 22:57:02.647668 11892 http_helpers.go:151] URL: https://daily-cloudcode-pa.googleapis.com/v1internal:streamGenerateContent?alt=sse Trace: 0x9c92cc26fde5c24

2026-04-17 22:57:44.596 [error] [LS Main stderr] I0417 22:57:44.596843 11892 planner_generator.go:283] Requesting planner with 68 chat messages at model retry attempt 1 and API retry attempt 1

2026-04-17 22:57:51.185 [error] [LS Main stderr] I0417 22:57:51.185346 11892 http_helpers.go:151] URL: https://daily-cloudcode-pa.googleapis.com/v1internal:streamGenerateContent?alt=sse Trace: 0x6f7155c10996089d

2026-04-17 22:57:52.785 [error] [LS Main stderr] I0417 22:57:52.785617 11892 planner_generator.go:283] Requesting planner with 70 chat messages at model retry attempt 1 and API retry attempt 1

2026-04-17 22:57:58.159 [error] [LS Main stderr] I0417 22:57:58.158664 11892 http_helpers.go:151] URL: https://daily-cloudcode-pa.googleapis.com/v1internal:streamGenerateContent?alt=sse Trace: 0x74e8f8b295c6c2b1

2026-04-17 22:57:59.810 [error] [LS Main stderr] I0417 22:57:59.810605 11892 planner_generator.go:283] Requesting planner with 72 chat messages at model retry attempt 1 and API retry attempt 1

2026-04-17 22:58:06.744 [error] [LS Main stderr] I0417 22:58:06.744005 11892 http_helpers.go:151] URL: https://daily-cloudcode-pa.googleapis.com/v1internal:streamGenerateContent?alt=sse Trace: 0xeeedb16e330ba46d

2026-04-17 22:58:08.410 [error] [LS Main stderr] I0417 22:58:08.409595 11892 planner_generator.go:283] Requesting planner with 74 chat messages at model retry attempt 1 and API retry attempt 1

2026-04-17 22:58:14.138 [error] [LS Main stderr] I0417 22:58:14.138487 11892 http_helpers.go:151] URL: https://daily-cloudcode-pa.googleapis.com/v1internal:streamGenerateContent?alt=sse Trace: 0x414afabb159e70a2

2026-04-17 22:58:16.906 [error] [LS Main stderr] I0417 22:58:16.906447 11892 planner_generator.go:283] Requesting planner with 76 chat messages at model retry attempt 1 and API retry attempt 1

2026-04-17 22:58:22.520 [error] [LS Main stderr] I0417 22:58:22.519689 11892 http_helpers.go:151] URL: https://daily-cloudcode-pa.googleapis.com/v1internal:streamGenerateContent?alt=sse Trace: 0xfb6686b6da58aa8c

2026-04-17 22:58:27.264 [error] [LS Main stderr] I0417 22:58:27.264294 11892 planner_generator.go:283] Requesting planner with 78 chat messages at model retry attempt 1 and API retry attempt 1

2026-04-17 22:58:29.486 [error] [LS Main stderr] I0417 22:58:29.485660 11892 http_helpers.go:151] URL: https://daily-cloudcode-pa.googleapis.com/v1internal:streamGenerateContent?alt=sse Trace: 0x3f42144234e1f2b8

2026-04-17 22:58:29.805 [error] [LS Main stderr] I0417 22:58:29.804669 11892 http_helpers.go:151] URL: https://daily-cloudcode-pa.googleapis.com/v1internal:streamGenerateContent?alt=sse Trace: 0x8d6598a14619d8aa

2026-04-17 22:58:30.917 [error] [LS Main stderr] I0417 22:58:30.916848 11892 http_helpers.go:151] URL: https://daily-cloudcode-pa.googleapis.com/v1internal:streamGenerateContent?alt=sse Trace: 0xf74a1b03335502ea

2026-04-17 22:58:34.394 [error] [LS Main stderr] I0417 22:58:34.393613 11892 http_helpers.go:151] URL: https://daily-cloudcode-pa.googleapis.com/v1internal:streamGenerateContent?alt=sse Trace: 0xac1cabe2f160a442

2026-04-17 22:59:34.741 [error] [LS Main stderr] I0417 22:59:34.739817 11892 http_helpers.go:151] URL: https://daily-cloudcode-pa.googleapis.com/v1internal:loadCodeAssist Trace: 0x9a616c22ea65290f

2026-04-17 22:59:36.446 [error] [LS Main stderr] I0417 22:59:36.446375 11892 http_helpers.go:151] URL: https://daily-cloudcode-pa.googleapis.com/v1internal:fetchAvailableModels Trace: 0x4f0adbca35af6363

2026-04-17 22:59:49.739 [error] [LS Main stderr] I0417 22:59:49.739673 11892 planner_generator.go:283] Requesting planner with 80 chat messages at model retry attempt 1 and API retry attempt 1

2026-04-17 22:59:55.295 [error] [LS Main stderr] I0417 22:59:55.294559 11892 http_helpers.go:151] URL: https://daily-cloudcode-pa.googleapis.com/v1internal:streamGenerateContent?alt=sse Trace: 0x4b1c5a608127a903

2026-04-17 23:00:08.369 [error] [LS Main stderr] I0417 23:00:08.369006 11892 planner_generator.go:283] Requesting planner with 84 chat messages at model retry attempt 1 and API retry attempt 1

2026-04-17 23:00:14.751 [error] [LS Main stderr] I0417 23:00:14.750959 11892 http_helpers.go:151] URL: https://daily-cloudcode-pa.googleapis.com/v1internal:streamGenerateContent?alt=sse Trace: 0xe8ec9e36aad8539e

2026-04-17 23:00:21.942 [error] [LS Main stderr] I0417 23:00:21.942159 11892 planner_generator.go:283] Requesting planner with 86 chat messages at model retry attempt 1 and API retry attempt 1

2026-04-17 23:00:27.451 [error] [LS Main stderr] I0417 23:00:27.450933 11892 http_helpers.go:151] URL: https://daily-cloudcode-pa.googleapis.com/v1internal:streamGenerateContent?alt=sse Trace: 0xc0beb4f8afa844fe

2026-04-17 23:00:28.893 [error] [LS Main stderr] I0417 23:00:28.893243 11892 planner_generator.go:283] Requesting planner with 88 chat messages at model retry attempt 1 and API retry attempt 1

2026-04-17 23:00:35.435 [error] [LS Main stderr] I0417 23:00:35.435484 11892 http_helpers.go:151] URL: https://daily-cloudcode-pa.googleapis.com/v1internal:streamGenerateContent?alt=sse Trace: 0xb3568848865278d3

2026-04-17 23:00:39.731 [error] [LS Main stderr] I0417 23:00:39.731580 11892 planner_generator.go:283] Requesting planner with 90 chat messages at model retry attempt 1 and API retry attempt 1

2026-04-17 23:00:45.471 [error] [LS Main stderr] I0417 23:00:45.470607 11892 http_helpers.go:151] URL: https://daily-cloudcode-pa.googleapis.com/v1internal:streamGenerateContent?alt=sse Trace: 0xd9e18d7f3b84f353

2026-04-17 23:00:53.489 [error] [LS Main stderr] I0417 23:00:53.489651 11892 planner_generator.go:283] Requesting planner with 92 chat messages at model retry attempt 1 and API retry attempt 1

2026-04-17 23:00:58.373 [error] [LS Main stderr] I0417 23:00:58.373022 11892 http_helpers.go:151] URL: https://daily-cloudcode-pa.googleapis.com/v1internal:streamGenerateContent?alt=sse Trace: 0x2664c082d8c86b3f

2026-04-17 23:01:18.682 [error] [LS Main stderr] I0417 23:01:18.682326 11892 http_helpers.go:151] URL: https://daily-cloudcode-pa.googleapis.com/v1internal:streamGenerateContent?alt=sse Trace: 0x8842300c1284750b

2026-04-17 23:01:20.097 [error] [LS Main stderr] I0417 23:01:20.097355 11892 http_helpers.go:151] URL: https://daily-cloudcode-pa.googleapis.com/v1internal:streamGenerateContent?alt=sse Trace: 0x46147d175e318e7a

2026-04-17 23:01:20.099 [error] [LS Main stderr] I0417 23:01:20.099397 11892 http_helpers.go:151] URL: https://daily-cloudcode-pa.googleapis.com/v1internal:streamGenerateContent?alt=sse Trace: 0xe6896700058b983

2026-04-17 23:01:21.105 [error] [LS Main stderr] I0417 23:01:21.105212 11892 http_helpers.go:151] URL: https://daily-cloudcode-pa.googleapis.com/v1internal:streamGenerateContent?alt=sse Trace: 0xcec50d1fb1c66697

2026-04-17 23:01:21.720 [error] [LS Main stderr] I0417 23:01:21.720043 11892 http_helpers.go:151] URL: https://daily-cloudcode-pa.googleapis.com/v1internal:streamGenerateContent?alt=sse Trace: 0xad3fbb5f600ce211

2026-04-17 23:01:24.386 [error] [LS Main stderr] I0417 23:01:24.386523 11892 http_helpers.go:151] URL: https://daily-cloudcode-pa.googleapis.com/v1internal:streamGenerateContent?alt=sse Trace: 0xbf9ee2685f98465c

2026-04-17 23:01:25.810 [error] [LS Main stderr] I0417 23:01:25.810400 11892 http_helpers.go:151] URL: https://daily-cloudcode-pa.googleapis.com/v1internal:streamGenerateContent?alt=sse Trace: 0x6c863e7cbf20ab37

2026-04-17 23:01:26.226 [error] [LS Main stderr] I0417 23:01:26.225870 11892 http_helpers.go:151] URL: https://daily-cloudcode-pa.googleapis.com/v1internal:streamGenerateContent?alt=sse Trace: 0xa79f4c26f5507bdf

2026-04-17 23:01:27.244 [error] [LS Main stderr] I0417 23:01:27.243931 11892 http_helpers.go:151] URL: https://daily-cloudcode-pa.googleapis.com/v1internal:streamGenerateContent?alt=sse Trace: 0xfa8155a9e787ee02

2026-04-17 23:01:30.527 [error] [LS Main stderr] I0417 23:01:30.526999 11892 http_helpers.go:151] URL: https://daily-cloudcode-pa.googleapis.com/v1internal:streamGenerateContent?alt=sse Trace: 0x91b6de0f8cfc383b

2026-04-17 23:01:30.834 [error] [LS Main stderr] I0417 23:01:30.834184 11892 http_helpers.go:151] URL: https://daily-cloudcode-pa.googleapis.com/v1internal:streamGenerateContent?alt=sse Trace: 0xbeba4a7da6a92acd

2026-04-17 23:04:33.822 [error] [LS Main stderr] I0417 23:04:33.822496 11892 http_helpers.go:151] URL: https://daily-cloudcode-pa.googleapis.com/v1internal:loadCodeAssist Trace: 0xbcce3fb5306c103

2026-04-17 23:04:35.660 [error] [LS Main stderr] I0417 23:04:35.659866 11892 http_helpers.go:151] URL: https://daily-cloudcode-pa.googleapis.com/v1internal:fetchAvailableModels Trace: 0x6df08c242b9e558e

2026-04-17 23:04:52.964 [error] [LS Main stderr] E0417 23:04:52.964025 11892 log.go:398] failed to check terminal shell support: internal: internal error

2026-04-17 23:04:52.984 [error] [LS Main stderr] I0417 23:04:52.984589 11892 planner_generator.go:283] Requesting planner with 97 chat messages at model retry attempt 1 and API retry attempt 1

2026-04-17 23:04:59.628 [error] [LS Main stderr] I0417 23:04:59.628037 11892 http_helpers.go:151] URL: https://daily-cloudcode-pa.googleapis.com/v1internal:streamGenerateContent?alt=sse Trace: 0x8ade56b99570df54

2026-04-17 23:05:03.959 [error] [LS Main stderr] I0417 23:05:03.959436 11892 planner_generator.go:283] Requesting planner with 98 chat messages at model retry attempt 1 and API retry attempt 1

2026-04-17 23:05:09.868 [error] [LS Main stderr] I0417 23:05:09.867568 11892 http_helpers.go:151] URL: https://daily-cloudcode-pa.googleapis.com/v1internal:streamGenerateContent?alt=sse Trace: 0x23e0cae20304d3fd

2026-04-17 23:05:11.933 [error] [LS Main stderr] I0417 23:05:11.933143 11892 planner_generator.go:283] Requesting planner with 100 chat messages at model retry attempt 1 and API retry attempt 1

2026-04-17 23:05:17.650 [error] [LS Main stderr] I0417 23:05:17.650234 11892 http_helpers.go:151] URL: https://daily-cloudcode-pa.googleapis.com/v1internal:streamGenerateContent?alt=sse Trace: 0x7c214d7c7746f860

2026-04-17 23:05:33.215 [error] [LS Main stderr] I0417 23:05:33.215037 11892 planner_generator.go:283] Requesting planner with 103 chat messages at model retry attempt 1 and API retry attempt 1

2026-04-17 23:05:39.564 [error] [LS Main stderr] I0417 23:05:39.563632 11892 http_helpers.go:151] URL: https://daily-cloudcode-pa.googleapis.com/v1internal:streamGenerateContent?alt=sse Trace: 0x587f1f4dd3cf7cd1

2026-04-17 23:05:43.565 [error] [LS Main stderr] I0417 23:05:43.565334 11892 planner_generator.go:283] Requesting planner with 105 chat messages at model retry attempt 1 and API retry attempt 1

2026-04-17 23:05:49.592 [error] [LS Main stderr] I0417 23:05:49.592334 11892 http_helpers.go:151] URL: https://daily-cloudcode-pa.googleapis.com/v1internal:streamGenerateContent?alt=sse Trace: 0xfa5e13306c779fd8

2026-04-17 23:05:52.676 [error] [LS Main stderr] E0417 23:05:52.676751 11892 log.go:398] invalid offset 518

2026-04-17 23:05:54.309 [error] [LS Main stderr] I0417 23:05:54.309113 11892 http_helpers.go:151] URL: https://daily-cloudcode-pa.googleapis.com/v1internal:streamGenerateContent?alt=sse Trace: 0x237e20e7e7b74a7e

2026-04-17 23:05:54.713 [error] [LS Main stderr] I0417 23:05:54.712900 11892 http_helpers.go:151] URL: https://daily-cloudcode-pa.googleapis.com/v1internal:streamGenerateContent?alt=sse Trace: 0xa362fa0641ed15f

2026-04-17 23:05:57.382 [error] [LS Main stderr] I0417 23:05:57.381732 11892 http_helpers.go:151] URL: https://daily-cloudcode-pa.googleapis.com/v1internal:streamGenerateContent?alt=sse Trace: 0x24c2d46083fbc9f9
I0417 23:05:57.381819 11892 http_helpers.go:151] URL: https://daily-cloudcode-pa.googleapis.com/v1internal:streamGenerateContent?alt=sse Trace: 0x19c43145f6d2f1a1

2026-04-17 23:05:59.432 [error] [LS Main stderr] I0417 23:05:59.432688 11892 planner_generator.go:283] Requesting planner with 108 chat messages at model retry attempt 1 and API retry attempt 1

2026-04-17 23:06:04.959 [error] [LS Main stderr] I0417 23:06:04.958941 11892 http_helpers.go:151] URL: https://daily-cloudcode-pa.googleapis.com/v1internal:streamGenerateContent?alt=sse Trace: 0xe238f36703bec777

2026-04-17 23:06:06.416 [error] [LS Main stderr] I0417 23:06:06.415996 11892 planner_generator.go:283] Requesting planner with 110 chat messages at model retry attempt 1 and API retry attempt 1

2026-04-17 23:06:13.350 [error] [LS Main stderr] I0417 23:06:13.349865 11892 http_helpers.go:151] URL: https://daily-cloudcode-pa.googleapis.com/v1internal:streamGenerateContent?alt=sse Trace: 0x8ce4393b40bea055

2026-04-17 23:06:22.170 [error] [LS Main stderr] I0417 23:06:22.170527 11892 planner_generator.go:283] Requesting planner with 112 chat messages at model retry attempt 1 and API retry attempt 1

2026-04-17 23:06:27.896 [error] [LS Main stderr] I0417 23:06:27.896274 11892 http_helpers.go:151] URL: https://daily-cloudcode-pa.googleapis.com/v1internal:streamGenerateContent?alt=sse Trace: 0xbfbee0c98b032f46

2026-04-17 23:06:29.759 [error] [LS Main stderr] I0417 23:06:29.758781 11892 planner_generator.go:283] Requesting planner with 114 chat messages at model retry attempt 1 and API retry attempt 1

2026-04-17 23:06:35.883 [error] [LS Main stderr] I0417 23:06:35.883372 11892 http_helpers.go:151] URL: https://daily-cloudcode-pa.googleapis.com/v1internal:streamGenerateContent?alt=sse Trace: 0xa1c625a504efc3e2

2026-04-17 23:06:37.753 [error] [LS Main stderr] I0417 23:06:37.753227 11892 planner_generator.go:283] Requesting planner with 117 chat messages at model retry attempt 1 and API retry attempt 1

2026-04-17 23:06:43.666 [error] [LS Main stderr] I0417 23:06:43.666094 11892 http_helpers.go:151] URL: https://daily-cloudcode-pa.googleapis.com/v1internal:streamGenerateContent?alt=sse Trace: 0x32a5fe3046c1a13e

2026-04-17 23:07:12.345 [error] [LS Main stderr] I0417 23:07:12.345483 11892 planner_generator.go:283] Requesting planner with 119 chat messages at model retry attempt 1 and API retry attempt 1

2026-04-17 23:07:17.868 [error] [LS Main stderr] I0417 23:07:17.867577 11892 http_helpers.go:151] URL: https://daily-cloudcode-pa.googleapis.com/v1internal:streamGenerateContent?alt=sse Trace: 0xb6e36e664bb3351b

2026-04-17 23:07:26.817 [error] [LS Main stderr] I0417 23:07:26.816841 11892 planner_generator.go:283] Requesting planner with 123 chat messages at model retry attempt 1 and API retry attempt 1

2026-04-17 23:07:31.179 [error] [LS Main stderr] I0417 23:07:31.179375 11892 http_helpers.go:151] URL: https://daily-cloudcode-pa.googleapis.com/v1internal:streamGenerateContent?alt=sse Trace: 0x8a6cdecacb2cf59a

2026-04-17 23:07:31.589 [error] [LS Main stderr] I0417 23:07:31.589163 11892 http_helpers.go:151] URL: https://daily-cloudcode-pa.googleapis.com/v1internal:streamGenerateContent?alt=sse Trace: 0xb139bb75d448a773

2026-04-17 23:07:31.999 [error] [LS Main stderr] I0417 23:07:31.999087 11892 http_helpers.go:151] URL: https://daily-cloudcode-pa.googleapis.com/v1internal:streamGenerateContent?alt=sse Trace: 0x64dc8e7a5e1b2548

2026-04-17 23:07:36.709 [error] [LS Main stderr] I0417 23:07:36.709340 11892 http_helpers.go:151] URL: https://daily-cloudcode-pa.googleapis.com/v1internal:streamGenerateContent?alt=sse Trace: 0x4230fe532cf1ffa6

2026-04-17 23:07:36.913 [error] [LS Main stderr] I0417 23:07:36.913756 11892 http_helpers.go:151] URL: https://daily-cloudcode-pa.googleapis.com/v1internal:streamGenerateContent?alt=sse Trace: 0x857c0358f3b767e8

2026-04-17 23:07:39.986 [error] [LS Main stderr] I0417 23:07:39.986017 11892 http_helpers.go:151] URL: https://daily-cloudcode-pa.googleapis.com/v1internal:streamGenerateContent?alt=sse Trace: 0x833bf0fc4bf37783

2026-04-17 23:07:40.389 [error] [LS Main stderr] I0417 23:07:40.389209 11892 http_helpers.go:151] URL: https://daily-cloudcode-pa.googleapis.com/v1internal:streamGenerateContent?alt=sse Trace: 0x9c9d7a06c16c11ef

2026-04-17 23:07:41.625 [error] [LS Main stderr] I0417 23:07:41.624751 11892 http_helpers.go:151] URL: https://daily-cloudcode-pa.googleapis.com/v1internal:streamGenerateContent?alt=sse Trace: 0xf26eeadde50325d7

2026-04-17 23:07:42.033 [error] [LS Main stderr] I0417 23:07:42.033642 11892 http_helpers.go:151] URL: https://daily-cloudcode-pa.googleapis.com/v1internal:streamGenerateContent?alt=sse Trace: 0x4ff6e1c6f342d10d

2026-04-17 23:07:43.672 [error] [LS Main stderr] I0417 23:07:43.672118 11892 http_helpers.go:151] URL: https://daily-cloudcode-pa.googleapis.com/v1internal:streamGenerateContent?alt=sse Trace: 0x2af401114950c55e

2026-04-17 23:07:45.720 [error] [LS Main stderr] I0417 23:07:45.720473 11892 http_helpers.go:151] URL: https://daily-cloudcode-pa.googleapis.com/v1internal:streamGenerateContent?alt=sse Trace: 0x8fc192c73a49b5ce
I0417 23:07:45.720538 11892 http_helpers.go:151] URL: https://daily-cloudcode-pa.googleapis.com/v1internal:streamGenerateContent?alt=sse Trace: 0x2b9f3ccef22f0479

