2026-04-17 22:46:23.914 [info] Reading sessions from keychain...
2026-04-17 22:46:23.914 [info] Getting sessions for all scopes...
2026-04-17 22:46:23.914 [info] Got 0 sessions for ...
2026-04-17 22:46:23.914 [info] Getting sessions for all scopes...
2026-04-17 22:46:23.914 [info] Got 0 sessions for ...
2026-04-17 22:46:23.914 [info] Getting sessions for all scopes...
2026-04-17 22:46:23.914 [info] Got 0 sessions for ...
2026-04-17 22:46:23.914 [info] Getting sessions for read:user,repo,user:email,workflow...
2026-04-17 22:46:23.914 [info] Got 0 sessions for read:user,repo,user:email,workflow...
2026-04-17 22:46:25.066 [info] Getting sessions for all scopes...
2026-04-17 22:46:25.066 [info] Got 0 sessions for ...
2026-04-17 22:46:25.303 [info] Getting sessions for all scopes...
2026-04-17 22:46:25.303 [info] Got 0 sessions for ...
2026-04-17 22:46:27.481 [info] Reading sessions from keychain...
2026-04-17 22:46:27.481 [info] Getting sessions for all scopes...
2026-04-17 22:46:27.481 [info] Got 0 sessions for ...
2026-04-17 22:46:27.481 [info] Getting sessions for all scopes...
2026-04-17 22:46:27.481 [info] Got 0 sessions for ...
2026-04-17 22:46:27.481 [info] Getting sessions for all scopes...
2026-04-17 22:46:27.481 [info] Got 0 sessions for ...
2026-04-17 22:46:27.481 [info] Getting sessions for read:user,repo,user:email,workflow...
2026-04-17 22:46:27.481 [info] Got 0 sessions for read:user,repo,user:email,workflow...
2026-04-17 22:46:27.532 [info] Getting sessions for all scopes...
2026-04-17 22:46:27.532 [info] Got 0 sessions for ...
2026-04-17 22:46:28.748 [info] Getting sessions for all scopes...
2026-04-17 22:46:28.748 [info] Got 0 sessions for ...
2026-04-17 22:46:28.848 [info] Getting sessions for all scopes...
2026-04-17 22:46:28.848 [info] Got 0 sessions for ...
