2026-04-17 22:34:31.252 [info] Extension host with pid 11951 started
2026-04-17 22:34:31.270 [info] ExtensionService#_doActivateExtension vscode.git-base, startup: false, activationEvent: 'onCommand:antigravity.importVSCodeRecentWorkspaces', root cause: google.antigravity
2026-04-17 22:34:31.276 [info] ExtensionService#_doActivateExtension vscode.git, startup: false, activationEvent: 'onCommand:antigravity.importVSCodeRecentWorkspaces', root cause: google.antigravity
2026-04-17 22:34:31.313 [info] ExtensionService#_doActivateExtension vscode.github, startup: false, activationEvent: '*'
2026-04-17 22:34:31.358 [info] ExtensionService#_doActivateExtension google.antigravity, startup: false, activationEvent: 'onCommand:antigravity.importVSCodeRecentWorkspaces'
2026-04-17 22:34:32.022 [info] ExtensionService#_doActivateExtension vscode.terminal-suggest, startup: false, activationEvent: 'onTerminalShellIntegration:*'
2026-04-17 22:34:33.301 [info] Eager extensions activated
2026-04-17 22:34:33.304 [info] ExtensionService#_doActivateExtension google.antigravity-dev-containers, startup: false, activationEvent: 'onStartupFinished'
2026-04-17 22:34:33.308 [info] ExtensionService#_doActivateExtension vscode.debug-auto-launch, startup: false, activationEvent: 'onStartupFinished'
2026-04-17 22:34:33.309 [info] ExtensionService#_doActivateExtension vscode.merge-conflict, startup: false, activationEvent: 'onStartupFinished'
2026-04-17 22:46:21.624 [info] Extension host terminating: renderer closed the MessagePort
2026-04-17 22:46:21.634 [info] Extension host with pid 11951 exiting with code 0
2026-04-17 22:46:23.339 [info] Extension host with pid 42919 started
2026-04-17 22:46:23.339 [info] Skipping acquiring lock for /home/hypr/.config/Antigravity/User/workspaceStorage/7c8a803a15018ccaf7938d29de233231.
2026-04-17 22:46:23.354 [info] ExtensionService#_doActivateExtension vscode.git-base, startup: true, activationEvent: '*', root cause: google.antigravity
2026-04-17 22:46:23.385 [info] ExtensionService#_doActivateExtension vscode.git, startup: true, activationEvent: '*', root cause: google.antigravity
2026-04-17 22:46:23.427 [info] ExtensionService#_doActivateExtension vscode.github, startup: true, activationEvent: '*'
2026-04-17 22:46:23.482 [info] ExtensionService#_doActivateExtension google.antigravity, startup: true, activationEvent: '*'
2026-04-17 22:46:23.799 [info] ExtensionService#_doActivateExtension vscode.emmet, startup: false, activationEvent: 'onLanguage'
2026-04-17 22:46:23.851 [info] ExtensionService#_doActivateExtension vscode.github-authentication, startup: false, activationEvent: 'onAuthenticationRequest:github'
2026-04-17 22:46:25.480 [info] Extension host terminating: renderer closed the MessagePort
2026-04-17 22:46:25.501 [error] ProxyResolver#addCertificatesV1 Canceled: Canceled
	at new mne (file:///opt/Antigravity/resources/app/out/vs/workbench/api/node/extensionHostProcess.js:30:122279)
	at D9.U (file:///opt/Antigravity/resources/app/out/vs/workbench/api/node/extensionHostProcess.js:30:126901)
	at s.<computed>.r.charCodeAt.s.<computed> (file:///opt/Antigravity/resources/app/out/vs/workbench/api/node/extensionHostProcess.js:30:124393)
	at LS.loadCertificates (file:///opt/Antigravity/resources/app/out/vs/workbench/api/node/extensionHostProcess.js:114:77504)
	at Object.loadAdditionalCertificates (file:///opt/Antigravity/resources/app/out/vs/workbench/api/node/extensionHostProcess.js:217:21193)
	at /opt/Antigravity/resources/app/node_modules/@vscode/proxy-agent/out/index.js:808:49
	at Generator.next (<anonymous>)
	at /opt/Antigravity/resources/app/node_modules/@vscode/proxy-agent/out/index.js:35:71
	at new Promise (<anonymous>)
	at __awaiter (/opt/Antigravity/resources/app/node_modules/@vscode/proxy-agent/out/index.js:31:12)
	at /opt/Antigravity/resources/app/node_modules/@vscode/proxy-agent/out/index.js:807:33
	at /opt/Antigravity/resources/app/node_modules/@vscode/proxy-agent/out/index.js:810:20
	at Generator.next (<anonymous>)
	at /opt/Antigravity/resources/app/node_modules/@vscode/proxy-agent/out/index.js:35:71
	at new Promise (<anonymous>)
	at __awaiter (/opt/Antigravity/resources/app/node_modules/@vscode/proxy-agent/out/index.js:31:12)
	at getOrLoadAdditionalCertificates (/opt/Antigravity/resources/app/node_modules/@vscode/proxy-agent/out/index.js:803:12)
	at addCertificatesToOptionsV1 (/opt/Antigravity/resources/app/node_modules/@vscode/proxy-agent/out/index.js:783:9)
	at resolveProxyWithRequest (/opt/Antigravity/resources/app/node_modules/@vscode/proxy-agent/out/index.js:140:9)
	at /opt/Antigravity/resources/app/node_modules/@vscode/proxy-agent/out/index.js:372:77
	at new Promise (<anonymous>)
	at PacProxyAgent.resolveP [as resolver] (/opt/Antigravity/resources/app/node_modules/@vscode/proxy-agent/out/index.js:372:54)
	at PacProxyAgent.<anonymous> (/opt/Antigravity/resources/app/node_modules/@vscode/proxy-agent/out/agent.js:74:37)
	at Generator.next (<anonymous>)
	at /opt/Antigravity/resources/app/node_modules/@vscode/proxy-agent/out/agent.js:8:71
	at new Promise (<anonymous>)
	at __awaiter (/opt/Antigravity/resources/app/node_modules/@vscode/proxy-agent/out/agent.js:4:12)
	at PacProxyAgent.connect (/opt/Antigravity/resources/app/node_modules/@vscode/proxy-agent/out/agent.js:56:16)
	at /opt/Antigravity/resources/app/node_modules/agent-base/dist/index.js:130:30
2026-04-17 22:46:25.501 [info] Extension host with pid 42919 exiting with code 0
2026-04-17 22:46:26.831 [info] Extension host with pid 43047 started
2026-04-17 22:46:26.831 [info] Skipping acquiring lock for /home/hypr/.config/Antigravity/User/workspaceStorage/7c8a803a15018ccaf7938d29de233231.
2026-04-17 22:46:26.842 [info] ExtensionService#_doActivateExtension vscode.git-base, startup: true, activationEvent: '*', root cause: google.antigravity
2026-04-17 22:46:26.856 [info] ExtensionService#_doActivateExtension vscode.git, startup: true, activationEvent: '*', root cause: google.antigravity
2026-04-17 22:46:26.899 [info] ExtensionService#_doActivateExtension vscode.github, startup: true, activationEvent: '*'
2026-04-17 22:46:26.957 [info] ExtensionService#_doActivateExtension google.antigravity, startup: true, activationEvent: '*'
2026-04-17 22:46:27.242 [info] ExtensionService#_doActivateExtension vscode.emmet, startup: false, activationEvent: 'onLanguage'
2026-04-17 22:46:27.374 [info] ExtensionService#_doActivateExtension vscode.github-authentication, startup: false, activationEvent: 'onAuthenticationRequest:github'
2026-04-17 22:46:27.398 [info] ExtensionService#_doActivateExtension vscode.terminal-suggest, startup: false, activationEvent: 'onTerminalShellIntegration:*'
2026-04-17 22:46:29.356 [info] Eager extensions activated
2026-04-17 22:46:29.357 [info] ExtensionService#_doActivateExtension google.antigravity-dev-containers, startup: false, activationEvent: 'onStartupFinished'
2026-04-17 22:46:29.363 [info] ExtensionService#_doActivateExtension vscode.debug-auto-launch, startup: false, activationEvent: 'onStartupFinished'
2026-04-17 22:46:29.365 [info] ExtensionService#_doActivateExtension vscode.merge-conflict, startup: false, activationEvent: 'onStartupFinished'
2026-04-17 22:47:35.075 [info] ExtensionService#_doActivateExtension vscode.extension-editing, startup: false, activationEvent: 'onLanguage:markdown'
2026-04-17 22:47:35.086 [info] ExtensionService#_doActivateExtension vscode.markdown-language-features, startup: false, activationEvent: 'onLanguage:markdown'
2026-04-17 22:47:35.351 [info] ExtensionService#_doActivateExtension vscode.markdown-math, startup: false, activationEvent: 'api', root cause: vscode.markdown-language-features
2026-04-17 23:00:08.656 [info] ExtensionService#_doActivateExtension vscode.media-preview, startup: false, activationEvent: 'onCustomEditor:imagePreview.previewEditor'
2026-04-17 23:01:19.758 [error] Error: Model is disposed!
    at VS.lb (vscode-file://vscode-app/opt/Antigravity/resources/app/out/vs/workbench/workbench.desktop.main.js:3040:304)
    at VS.getVersionId (vscode-file://vscode-app/opt/Antigravity/resources/app/out/vs/workbench/workbench.desktop.main.js:3042:2487)
    at gqi.fetch (vscode-file://vscode-app/opt/Antigravity/resources/app/out/vs/workbench/workbench.desktop.main.js:3243:15087)
    at Hk._computeFn (vscode-file://vscode-app/opt/Antigravity/resources/app/out/vs/workbench/workbench.desktop.main.js:3243:34252)
    at Hk.get (vscode-file://vscode-app/opt/Antigravity/resources/app/out/vs/workbench/workbench.desktop.main.js:2793:9669)
    at Hk.reportChanges (vscode-file://vscode-app/opt/Antigravity/resources/app/out/vs/workbench/workbench.desktop.main.js:2793:576)
    at eNr.endUpdate (vscode-file://vscode-app/opt/Antigravity/resources/app/out/vs/workbench/workbench.desktop.main.js:2793:17819)
    at Hk.endUpdate (vscode-file://vscode-app/opt/Antigravity/resources/app/out/vs/workbench/workbench.desktop.main.js:2793:11059)
    at F6e.finish (vscode-file://vscode-app/opt/Antigravity/resources/app/out/vs/workbench/workbench.desktop.main.js:2792:104244)
    at cDl (vscode-file://vscode-app/opt/Antigravity/resources/app/out/vs/workbench/workbench.desktop.main.js:2792:103731)
2026-04-17 23:01:25.689 [error] Error: Model is disposed!
    at VS.lb (vscode-file://vscode-app/opt/Antigravity/resources/app/out/vs/workbench/workbench.desktop.main.js:3040:304)
    at VS.getVersionId (vscode-file://vscode-app/opt/Antigravity/resources/app/out/vs/workbench/workbench.desktop.main.js:3042:2487)
    at gqi.fetch (vscode-file://vscode-app/opt/Antigravity/resources/app/out/vs/workbench/workbench.desktop.main.js:3243:15087)
    at Hk._computeFn (vscode-file://vscode-app/opt/Antigravity/resources/app/out/vs/workbench/workbench.desktop.main.js:3243:34252)
    at Hk.get (vscode-file://vscode-app/opt/Antigravity/resources/app/out/vs/workbench/workbench.desktop.main.js:2793:9669)
    at Hk.reportChanges (vscode-file://vscode-app/opt/Antigravity/resources/app/out/vs/workbench/workbench.desktop.main.js:2793:576)
    at eNr.endUpdate (vscode-file://vscode-app/opt/Antigravity/resources/app/out/vs/workbench/workbench.desktop.main.js:2793:17819)
    at Hk.endUpdate (vscode-file://vscode-app/opt/Antigravity/resources/app/out/vs/workbench/workbench.desktop.main.js:2793:11059)
    at F6e.finish (vscode-file://vscode-app/opt/Antigravity/resources/app/out/vs/workbench/workbench.desktop.main.js:2792:104244)
    at cDl (vscode-file://vscode-app/opt/Antigravity/resources/app/out/vs/workbench/workbench.desktop.main.js:2792:103731)
2026-04-17 23:01:26.974 [error] Error: Model is disposed!
    at VS.lb (vscode-file://vscode-app/opt/Antigravity/resources/app/out/vs/workbench/workbench.desktop.main.js:3040:304)
    at VS.getVersionId (vscode-file://vscode-app/opt/Antigravity/resources/app/out/vs/workbench/workbench.desktop.main.js:3042:2487)
    at gqi.fetch (vscode-file://vscode-app/opt/Antigravity/resources/app/out/vs/workbench/workbench.desktop.main.js:3243:15087)
    at Hk._computeFn (vscode-file://vscode-app/opt/Antigravity/resources/app/out/vs/workbench/workbench.desktop.main.js:3243:34252)
    at Hk.get (vscode-file://vscode-app/opt/Antigravity/resources/app/out/vs/workbench/workbench.desktop.main.js:2793:9669)
    at Hk.reportChanges (vscode-file://vscode-app/opt/Antigravity/resources/app/out/vs/workbench/workbench.desktop.main.js:2793:576)
    at eNr.endUpdate (vscode-file://vscode-app/opt/Antigravity/resources/app/out/vs/workbench/workbench.desktop.main.js:2793:17819)
    at Hk.endUpdate (vscode-file://vscode-app/opt/Antigravity/resources/app/out/vs/workbench/workbench.desktop.main.js:2793:11059)
    at F6e.finish (vscode-file://vscode-app/opt/Antigravity/resources/app/out/vs/workbench/workbench.desktop.main.js:2792:104244)
    at cDl (vscode-file://vscode-app/opt/Antigravity/resources/app/out/vs/workbench/workbench.desktop.main.js:2792:103731)
2026-04-17 23:05:31.239 [info] ExtensionService#_doActivateExtension vscode.css-language-features, startup: false, activationEvent: 'onLanguage:css'
2026-04-17 23:05:52.725 [info] ExtensionService#_doActivateExtension vscode.configuration-editing, startup: false, activationEvent: 'onLanguage:jsonc'
2026-04-17 23:05:52.731 [info] ExtensionService#_doActivateExtension vscode.json-language-features, startup: false, activationEvent: 'onLanguage:jsonc'
2026-04-17 23:05:52.770 [info] ExtensionService#_doActivateExtension vscode.typescript-language-features, startup: false, activationEvent: 'onLanguage:jsonc'
2026-04-17 23:07:41.605 [error] Error: Model is disposed!
    at VS.lb (vscode-file://vscode-app/opt/Antigravity/resources/app/out/vs/workbench/workbench.desktop.main.js:3040:304)
    at VS.getVersionId (vscode-file://vscode-app/opt/Antigravity/resources/app/out/vs/workbench/workbench.desktop.main.js:3042:2487)
    at gqi.fetch (vscode-file://vscode-app/opt/Antigravity/resources/app/out/vs/workbench/workbench.desktop.main.js:3243:15087)
    at Hk._computeFn (vscode-file://vscode-app/opt/Antigravity/resources/app/out/vs/workbench/workbench.desktop.main.js:3243:34252)
    at Hk.get (vscode-file://vscode-app/opt/Antigravity/resources/app/out/vs/workbench/workbench.desktop.main.js:2793:9669)
    at Hk.reportChanges (vscode-file://vscode-app/opt/Antigravity/resources/app/out/vs/workbench/workbench.desktop.main.js:2793:576)
    at eNr.endUpdate (vscode-file://vscode-app/opt/Antigravity/resources/app/out/vs/workbench/workbench.desktop.main.js:2793:17819)
    at Hk.endUpdate (vscode-file://vscode-app/opt/Antigravity/resources/app/out/vs/workbench/workbench.desktop.main.js:2793:11059)
    at F6e.finish (vscode-file://vscode-app/opt/Antigravity/resources/app/out/vs/workbench/workbench.desktop.main.js:2792:104244)
    at cDl (vscode-file://vscode-app/opt/Antigravity/resources/app/out/vs/workbench/workbench.desktop.main.js:2792:103731)
2026-04-17 23:07:54.427 [info] Extension host terminating: renderer closed the MessagePort
2026-04-17 23:07:54.450 [info] Extension host with pid 43047 exiting with code 0
