2026-04-17 22:36:21.570 [info] Getting Manifest... meta.pyrefly
2026-04-17 22:36:22.791 [info] Installing extension: meta.pyrefly {"context":{"skipPublisherTrust":true},"isMachineScoped":false,"profileLocation":{"$mid":1,"external":"vscode-userdata:/home/hypr/.antigravity/extensions/extensions.json","path":"/home/hypr/.antigravity/extensions/extensions.json","scheme":"vscode-userdata"},"isApplicationScoped":false,"productVersion":{"version":"1.107.0","date":"2026-04-16T08:28:19.366Z"}}
2026-04-17 22:36:23.004 [info] Getting Manifest... ms-python.python
2026-04-17 22:36:25.040 [info] Getting Manifest... ms-python.vscode-python-envs
2026-04-17 22:36:25.451 [info] Getting Manifest... ms-python.debugpy
2026-04-17 22:36:26.067 [info] Installing extension: ms-python.python {"context":{"skipPublisherTrust":true,"dependecyOrPackExtensionInstall":true},"isMachineScoped":false,"profileLocation":{"$mid":1,"external":"vscode-userdata:/home/hypr/.antigravity/extensions/extensions.json","path":"/home/hypr/.antigravity/extensions/extensions.json","scheme":"vscode-userdata"},"isApplicationScoped":false,"productVersion":{"version":"1.107.0","date":"2026-04-16T08:28:19.366Z"},"pinned":false,"installGivenVersion":false}
2026-04-17 22:36:26.068 [info] Installing extension: ms-python.vscode-python-envs {"context":{"skipPublisherTrust":true,"dependecyOrPackExtensionInstall":true},"isMachineScoped":false,"profileLocation":{"$mid":1,"external":"vscode-userdata:/home/hypr/.antigravity/extensions/extensions.json","path":"/home/hypr/.antigravity/extensions/extensions.json","scheme":"vscode-userdata"},"isApplicationScoped":false,"productVersion":{"version":"1.107.0","date":"2026-04-16T08:28:19.366Z"},"pinned":false,"installGivenVersion":false}
2026-04-17 22:36:26.068 [info] Installing extension: ms-python.debugpy {"context":{"skipPublisherTrust":true,"dependecyOrPackExtensionInstall":true},"isMachineScoped":false,"profileLocation":{"$mid":1,"external":"vscode-userdata:/home/hypr/.antigravity/extensions/extensions.json","path":"/home/hypr/.antigravity/extensions/extensions.json","scheme":"vscode-userdata"},"isApplicationScoped":false,"productVersion":{"version":"1.107.0","date":"2026-04-16T08:28:19.366Z"},"pinned":false,"installGivenVersion":false}
2026-04-17 22:36:27.402 [info] Extracted extension to file:///home/hypr/.antigravity/extensions/ms-python.vscode-python-envs-1.20.1-universal: ms-python.vscode-python-envs
2026-04-17 22:36:27.407 [info] Renamed to /home/hypr/.antigravity/extensions/ms-python.vscode-python-envs-1.20.1-universal
2026-04-17 22:36:29.470 [info] Extracted extension to file:///home/hypr/.antigravity/extensions/ms-python.debugpy-2025.18.0-linux-x64: ms-python.debugpy
2026-04-17 22:36:29.480 [info] Renamed to /home/hypr/.antigravity/extensions/ms-python.debugpy-2025.18.0-linux-x64
2026-04-17 22:36:29.690 [info] Extracted extension to file:///home/hypr/.antigravity/extensions/ms-python.python-2026.4.0-universal: ms-python.python
2026-04-17 22:36:29.737 [info] Renamed to /home/hypr/.antigravity/extensions/ms-python.python-2026.4.0-universal
2026-04-17 22:36:34.370 [info] Extracted extension to file:///home/hypr/.antigravity/extensions/meta.pyrefly-0.61.0-linux-x64: meta.pyrefly
2026-04-17 22:36:34.377 [info] Renamed to /home/hypr/.antigravity/extensions/meta.pyrefly-0.61.0-linux-x64
2026-04-17 22:36:34.409 [info] Extension installed successfully: ms-python.vscode-python-envs vscode-userdata:/home/hypr/.antigravity/extensions/extensions.json
2026-04-17 22:36:34.409 [info] Extension installed successfully: ms-python.debugpy vscode-userdata:/home/hypr/.antigravity/extensions/extensions.json
2026-04-17 22:36:34.409 [info] Extension installed successfully: ms-python.python vscode-userdata:/home/hypr/.antigravity/extensions/extensions.json
2026-04-17 22:36:34.409 [info] Extension installed successfully: meta.pyrefly vscode-userdata:/home/hypr/.antigravity/extensions/extensions.json
2026-04-17 22:36:34.409 [error] [uncaught exception in sharedProcess]: Cannot read properties of undefined (reading 'fireEvent'): TypeError: Cannot read properties of undefined (reading 'fireEvent')
    at _a.value (file:///opt/Antigravity/resources/app/out/vs/code/electron-utility/sharedProcess/sharedProcessMain.js:74:62766)
    at U.C (file:///opt/Antigravity/resources/app/out/vs/code/electron-utility/sharedProcess/sharedProcessMain.js:28:2328)
    at U.D (file:///opt/Antigravity/resources/app/out/vs/code/electron-utility/sharedProcess/sharedProcessMain.js:28:2398)
    at U.fire (file:///opt/Antigravity/resources/app/out/vs/code/electron-utility/sharedProcess/sharedProcessMain.js:28:2615)
    at gf.L (file:///opt/Antigravity/resources/app/out/vs/code/electron-utility/sharedProcess/sharedProcessMain.js:74:10866)
    at async gf.installGalleryExtensions (file:///opt/Antigravity/resources/app/out/vs/code/electron-utility/sharedProcess/sharedProcessMain.js:74:2621)
    at async gf.installFromGallery (file:///opt/Antigravity/resources/app/out/vs/code/electron-utility/sharedProcess/sharedProcessMain.js:74:1870)
2026-04-17 22:36:35.086 [info] Getting Manifest... ms-python.python
2026-04-17 22:36:35.492 [info] Installing extension: ms-python.python {"context":{"skipPublisherTrust":true},"isMachineScoped":false,"profileLocation":{"$mid":1,"external":"vscode-userdata:/home/hypr/.antigravity/extensions/extensions.json","path":"/home/hypr/.antigravity/extensions/extensions.json","scheme":"vscode-userdata"},"isApplicationScoped":false,"productVersion":{"version":"1.107.0","date":"2026-04-16T08:28:19.366Z"}}
2026-04-17 22:36:35.533 [info] Extension installed successfully: ms-python.python vscode-userdata:/home/hypr/.antigravity/extensions/extensions.json
2026-04-17 22:36:35.533 [error] [uncaught exception in sharedProcess]: Cannot read properties of undefined (reading 'fireEvent'): TypeError: Cannot read properties of undefined (reading 'fireEvent')
    at _a.value (file:///opt/Antigravity/resources/app/out/vs/code/electron-utility/sharedProcess/sharedProcessMain.js:74:62766)
    at U.C (file:///opt/Antigravity/resources/app/out/vs/code/electron-utility/sharedProcess/sharedProcessMain.js:28:2328)
    at U.D (file:///opt/Antigravity/resources/app/out/vs/code/electron-utility/sharedProcess/sharedProcessMain.js:28:2398)
    at U.fire (file:///opt/Antigravity/resources/app/out/vs/code/electron-utility/sharedProcess/sharedProcessMain.js:28:2615)
    at gf.L (file:///opt/Antigravity/resources/app/out/vs/code/electron-utility/sharedProcess/sharedProcessMain.js:74:10866)
    at async gf.installGalleryExtensions (file:///opt/Antigravity/resources/app/out/vs/code/electron-utility/sharedProcess/sharedProcessMain.js:74:2621)
    at async gf.installFromGallery (file:///opt/Antigravity/resources/app/out/vs/code/electron-utility/sharedProcess/sharedProcessMain.js:74:1870)
2026-04-17 22:36:36.510 [info] Getting Manifest... llvm-vs-code-extensions.vscode-clangd
2026-04-17 22:36:36.821 [info] Installing extension: llvm-vs-code-extensions.vscode-clangd {"context":{"skipPublisherTrust":true},"isMachineScoped":false,"profileLocation":{"$mid":1,"external":"vscode-userdata:/home/hypr/.antigravity/extensions/extensions.json","path":"/home/hypr/.antigravity/extensions/extensions.json","scheme":"vscode-userdata"},"isApplicationScoped":false,"productVersion":{"version":"1.107.0","date":"2026-04-16T08:28:19.366Z"}}
2026-04-17 22:36:37.645 [info] Extracted extension to file:///home/hypr/.antigravity/extensions/llvm-vs-code-extensions.vscode-clangd-0.4.0-universal: llvm-vs-code-extensions.vscode-clangd
2026-04-17 22:36:37.650 [info] Renamed to /home/hypr/.antigravity/extensions/llvm-vs-code-extensions.vscode-clangd-0.4.0-universal
2026-04-17 22:36:37.678 [info] Extension installed successfully: llvm-vs-code-extensions.vscode-clangd vscode-userdata:/home/hypr/.antigravity/extensions/extensions.json
2026-04-17 22:36:37.678 [error] [uncaught exception in sharedProcess]: Cannot read properties of undefined (reading 'fireEvent'): TypeError: Cannot read properties of undefined (reading 'fireEvent')
    at _a.value (file:///opt/Antigravity/resources/app/out/vs/code/electron-utility/sharedProcess/sharedProcessMain.js:74:62766)
    at U.C (file:///opt/Antigravity/resources/app/out/vs/code/electron-utility/sharedProcess/sharedProcessMain.js:28:2328)
    at U.D (file:///opt/Antigravity/resources/app/out/vs/code/electron-utility/sharedProcess/sharedProcessMain.js:28:2398)
    at U.fire (file:///opt/Antigravity/resources/app/out/vs/code/electron-utility/sharedProcess/sharedProcessMain.js:28:2615)
    at gf.L (file:///opt/Antigravity/resources/app/out/vs/code/electron-utility/sharedProcess/sharedProcessMain.js:74:10866)
    at async gf.installGalleryExtensions (file:///opt/Antigravity/resources/app/out/vs/code/electron-utility/sharedProcess/sharedProcessMain.js:74:2621)
    at async gf.installFromGallery (file:///opt/Antigravity/resources/app/out/vs/code/electron-utility/sharedProcess/sharedProcessMain.js:74:1870)
2026-04-17 22:36:38.774 [info] Getting Manifest... golang.go
2026-04-17 22:36:38.975 [info] Installing extension: golang.go {"context":{"skipPublisherTrust":true},"isMachineScoped":false,"profileLocation":{"$mid":1,"external":"vscode-userdata:/home/hypr/.antigravity/extensions/extensions.json","path":"/home/hypr/.antigravity/extensions/extensions.json","scheme":"vscode-userdata"},"isApplicationScoped":false,"productVersion":{"version":"1.107.0","date":"2026-04-16T08:28:19.366Z"}}
2026-04-17 22:36:40.229 [info] Extracted extension to file:///home/hypr/.antigravity/extensions/golang.go-0.52.2-universal: golang.go
2026-04-17 22:36:40.234 [info] Renamed to /home/hypr/.antigravity/extensions/golang.go-0.52.2-universal
2026-04-17 22:36:40.250 [info] Extension installed successfully: golang.go vscode-userdata:/home/hypr/.antigravity/extensions/extensions.json
2026-04-17 22:36:40.250 [error] [uncaught exception in sharedProcess]: Cannot read properties of undefined (reading 'fireEvent'): TypeError: Cannot read properties of undefined (reading 'fireEvent')
    at _a.value (file:///opt/Antigravity/resources/app/out/vs/code/electron-utility/sharedProcess/sharedProcessMain.js:74:62766)
    at U.C (file:///opt/Antigravity/resources/app/out/vs/code/electron-utility/sharedProcess/sharedProcessMain.js:28:2328)
    at U.D (file:///opt/Antigravity/resources/app/out/vs/code/electron-utility/sharedProcess/sharedProcessMain.js:28:2398)
    at U.fire (file:///opt/Antigravity/resources/app/out/vs/code/electron-utility/sharedProcess/sharedProcessMain.js:28:2615)
    at gf.L (file:///opt/Antigravity/resources/app/out/vs/code/electron-utility/sharedProcess/sharedProcessMain.js:74:10866)
    at async gf.installGalleryExtensions (file:///opt/Antigravity/resources/app/out/vs/code/electron-utility/sharedProcess/sharedProcessMain.js:74:2621)
    at async gf.installFromGallery (file:///opt/Antigravity/resources/app/out/vs/code/electron-utility/sharedProcess/sharedProcessMain.js:74:1870)
2026-04-17 22:36:41.023 [info] Getting Manifest... shopify.ruby-lsp
2026-04-17 22:36:41.429 [info] Installing extension: shopify.ruby-lsp {"context":{"skipPublisherTrust":true},"isMachineScoped":false,"profileLocation":{"$mid":1,"external":"vscode-userdata:/home/hypr/.antigravity/extensions/extensions.json","path":"/home/hypr/.antigravity/extensions/extensions.json","scheme":"vscode-userdata"},"isApplicationScoped":false,"productVersion":{"version":"1.107.0","date":"2026-04-16T08:28:19.366Z"}}
2026-04-17 22:36:42.308 [info] Extracted extension to file:///home/hypr/.antigravity/extensions/shopify.ruby-lsp-0.10.2-universal: shopify.ruby-lsp
2026-04-17 22:36:42.308 [info] Renamed to /home/hypr/.antigravity/extensions/shopify.ruby-lsp-0.10.2-universal
2026-04-17 22:36:42.330 [info] Extension installed successfully: shopify.ruby-lsp vscode-userdata:/home/hypr/.antigravity/extensions/extensions.json
2026-04-17 22:36:42.331 [error] [uncaught exception in sharedProcess]: Cannot read properties of undefined (reading 'fireEvent'): TypeError: Cannot read properties of undefined (reading 'fireEvent')
    at _a.value (file:///opt/Antigravity/resources/app/out/vs/code/electron-utility/sharedProcess/sharedProcessMain.js:74:62766)
    at U.C (file:///opt/Antigravity/resources/app/out/vs/code/electron-utility/sharedProcess/sharedProcessMain.js:28:2328)
    at U.D (file:///opt/Antigravity/resources/app/out/vs/code/electron-utility/sharedProcess/sharedProcessMain.js:28:2398)
    at U.fire (file:///opt/Antigravity/resources/app/out/vs/code/electron-utility/sharedProcess/sharedProcessMain.js:28:2615)
    at gf.L (file:///opt/Antigravity/resources/app/out/vs/code/electron-utility/sharedProcess/sharedProcessMain.js:74:10866)
    at async gf.installGalleryExtensions (file:///opt/Antigravity/resources/app/out/vs/code/electron-utility/sharedProcess/sharedProcessMain.js:74:2621)
    at async gf.installFromGallery (file:///opt/Antigravity/resources/app/out/vs/code/electron-utility/sharedProcess/sharedProcessMain.js:74:1870)
