--------------------------------------------------------------------------------
[Apr 17, 2026 4:57:20.2 PM GMT:ERROR:creative_new_tab_page_ads_util.cc(157)] Successfully saved creative new tab page ads
[Apr 17, 2026 4:57:20.2 PM GMT:ERROR:creative_new_tab_page_ads_util.cc(142)] Successfully saved creative set conversions
--------------------------------------------------------------------------------
[Apr 17, 2026 4:58:07.6 PM GMT:ERROR:creative_new_tab_page_ads_util.cc(157)] Successfully saved creative new tab page ads
[Apr 17, 2026 4:58:07.6 PM GMT:ERROR:creative_new_tab_page_ads_util.cc(142)] Successfully saved creative set conversions
--------------------------------------------------------------------------------
[Apr 17, 2026 4:59:20.7 PM GMT:ERROR:creative_new_tab_page_ads_util.cc(157)] Successfully saved creative new tab page ads
[Apr 17, 2026 4:59:20.7 PM GMT:ERROR:creative_new_tab_page_ads_util.cc(142)] Successfully saved creative set conversions
--------------------------------------------------------------------------------
[Apr 17, 2026 5:00:00.1 PM GMT:ERROR:creative_new_tab_page_ads_util.cc(157)] Successfully saved creative new tab page ads
[Apr 17, 2026 5:00:00.1 PM GMT:ERROR:creative_new_tab_page_ads_util.cc(142)] Successfully saved creative set conversions
--------------------------------------------------------------------------------
[Apr 17, 2026 5:14:37.4 PM GMT:ERROR:creative_new_tab_page_ads_util.cc(157)] Successfully saved creative new tab page ads
[Apr 17, 2026 5:14:37.4 PM GMT:ERROR:creative_new_tab_page_ads_util.cc(142)] Successfully saved creative set conversions
--------------------------------------------------------------------------------
[Apr 17, 2026 5:38:08.4 PM GMT:ERROR:creative_new_tab_page_ads_util.cc(157)] Successfully saved creative new tab page ads
[Apr 17, 2026 5:38:08.4 PM GMT:ERROR:creative_new_tab_page_ads_util.cc(142)] Successfully saved creative set conversions
--------------------------------------------------------------------------------
[Apr 22, 2026 4:48:41.9 PM GMT:ERROR:creative_new_tab_page_ads_util.cc(157)] Successfully saved creative new tab page ads
[Apr 22, 2026 4:48:41.9 PM GMT:ERROR:creative_new_tab_page_ads_util.cc(142)] Successfully saved creative set conversions
--------------------------------------------------------------------------------
[Apr 22, 2026 4:50:20.5 PM GMT:ERROR:creative_new_tab_page_ads_util.cc(157)] Successfully saved creative new tab page ads
[Apr 22, 2026 4:50:20.5 PM GMT:ERROR:creative_new_tab_page_ads_util.cc(142)] Successfully saved creative set conversions
[Apr 22, 2026 4:50:24.9 PM GMT:ERROR:creative_new_tab_page_ads_util.cc(157)] Successfully saved creative new tab page ads
[Apr 22, 2026 4:50:24.9 PM GMT:ERROR:creative_new_tab_page_ads_util.cc(142)] Successfully saved creative set conversions
--------------------------------------------------------------------------------
[Apr 22, 2026 5:09:48.2 PM GMT:ERROR:creative_new_tab_page_ads_util.cc(157)] Successfully saved creative new tab page ads
[Apr 22, 2026 5:09:48.2 PM GMT:ERROR:creative_new_tab_page_ads_util.cc(142)] Successfully saved creative set conversions
--------------------------------------------------------------------------------
[Apr 22, 2026 5:10:10.8 PM GMT:ERROR:creative_new_tab_page_ads_util.cc(157)] Successfully saved creative new tab page ads
[Apr 22, 2026 5:10:10.8 PM GMT:ERROR:creative_new_tab_page_ads_util.cc(142)] Successfully saved creative set conversions
--------------------------------------------------------------------------------
[Apr 22, 2026 5:19:33.8 PM GMT:ERROR:creative_new_tab_page_ads_util.cc(157)] Successfully saved creative new tab page ads
[Apr 22, 2026 5:19:33.8 PM GMT:ERROR:creative_new_tab_page_ads_util.cc(142)] Successfully saved creative set conversions
--------------------------------------------------------------------------------
[Apr 22, 2026 5:21:43.1 PM GMT:ERROR:creative_new_tab_page_ads_util.cc(157)] Successfully saved creative new tab page ads
[Apr 22, 2026 5:21:43.1 PM GMT:ERROR:creative_new_tab_page_ads_util.cc(142)] Successfully saved creative set conversions
--------------------------------------------------------------------------------
[Apr 22, 2026 5:21:50.5 PM GMT:ERROR:creative_new_tab_page_ads_util.cc(157)] Successfully saved creative new tab page ads
[Apr 22, 2026 5:21:50.5 PM GMT:ERROR:creative_new_tab_page_ads_util.cc(142)] Successfully saved creative set conversions
--------------------------------------------------------------------------------
[Apr 22, 2026 5:24:31.0 PM GMT:ERROR:creative_new_tab_page_ads_util.cc(157)] Successfully saved creative new tab page ads
[Apr 22, 2026 5:24:31.0 PM GMT:ERROR:creative_new_tab_page_ads_util.cc(142)] Successfully saved creative set conversions
--------------------------------------------------------------------------------
[Apr 25, 2026 6:26:36.0 AM GMT:ERROR:creative_new_tab_page_ads_util.cc(157)] Successfully saved creative new tab page ads
[Apr 25, 2026 6:26:36.0 AM GMT:ERROR:creative_new_tab_page_ads_util.cc(142)] Successfully saved creative set conversions
--------------------------------------------------------------------------------
[Apr 25, 2026 6:26:41.9 AM GMT:ERROR:creative_new_tab_page_ads_util.cc(157)] Successfully saved creative new tab page ads
[Apr 25, 2026 6:26:41.9 AM GMT:ERROR:creative_new_tab_page_ads_util.cc(142)] Successfully saved creative set conversions
[Apr 25, 2026 6:26:46.0 AM GMT:ERROR:creative_new_tab_page_ads_util.cc(157)] Successfully saved creative new tab page ads
[Apr 25, 2026 6:26:46.0 AM GMT:ERROR:creative_new_tab_page_ads_util.cc(142)] Successfully saved creative set conversions
--------------------------------------------------------------------------------
[Apr 25, 2026 7:18:30.1 AM GMT:ERROR:creative_new_tab_page_ads_util.cc(157)] Successfully saved creative new tab page ads
[Apr 25, 2026 7:18:30.1 AM GMT:ERROR:creative_new_tab_page_ads_util.cc(142)] Successfully saved creative set conversions
