2026-04-17 22:34:31.595 [info] [main] Log level: Info
2026-04-17 22:34:31.595 [info] [main] Validating found git in: "git"
2026-04-17 22:34:31.595 [info] [main] Using git "2.53.0" from "git"
2026-04-17 22:34:31.595 [info] [Model][doInitialScan] Initial repository scan started
2026-04-17 22:34:31.595 [info] [Model][doInitialScan] Initial repository scan completed - repositories (0), closed repositories (0), parent repositories (0), unsafe repositories (0)
2026-04-17 22:46:23.740 [info] [main] Log level: Info
2026-04-17 22:46:23.740 [info] [main] Validating found git in: "git"
2026-04-17 22:46:23.740 [info] [main] Using git "2.53.0" from "git"
2026-04-17 22:46:23.740 [info] [Model][doInitialScan] Initial repository scan started
2026-04-17 22:46:23.740 [info] > git rev-parse --show-toplevel [236ms]
2026-04-17 22:46:23.740 [info] > git rev-parse --git-dir --git-common-dir --show-superproject-working-tree [21ms]
2026-04-17 22:46:23.747 [info] [Model][openRepository] Opened repository (path): /home/hypr/hypr-rice
2026-04-17 22:46:23.747 [info] [Model][openRepository] Opened repository (real path): /home/hypr/hypr-rice
2026-04-17 22:46:23.747 [info] [Model][openRepository] Opened repository (kind): repository
2026-04-17 22:46:23.755 [info] > git config --get commit.template [4ms]
2026-04-17 22:46:23.758 [info] > git for-each-ref --format=%(refname)%00%(upstream:short)%00%(objectname)%00%(upstream:track)%00%(upstream:remotename)%00%(upstream:remoteref) refs/heads/main refs/remotes/main [4ms]
2026-04-17 22:46:23.760 [warning] [Git][revParse] Unable to read file: ENOENT: no such file or directory, open '/home/hypr/hypr-rice/.git/refs/remotes/origin/main'
2026-04-17 22:46:23.761 [info] > git rev-parse --show-toplevel [4ms]
2026-04-17 22:46:23.763 [info] > git rev-parse refs/remotes/origin/main [3ms]
2026-04-17 22:46:23.770 [info] > git rev-parse --show-toplevel [7ms]
2026-04-17 22:46:23.773 [info] > git for-each-ref --sort -committerdate --format %(refname)%00%(objectname)%00%(*objectname) [4ms]
2026-04-17 22:46:23.774 [info] > git rev-parse --show-toplevel [1ms]
2026-04-17 22:46:23.778 [info] > git status -z -uall [11ms]
2026-04-17 22:46:23.794 [info] > git for-each-ref --format=%(refname)%00%(upstream:short)%00%(objectname)%00%(upstream:track)%00%(upstream:remotename)%00%(upstream:remoteref) refs/heads/main refs/remotes/main [4ms]
2026-04-17 22:46:23.797 [info] > git rev-parse --show-toplevel [20ms]
2026-04-17 22:46:23.833 [info] > git config --get --local branch.main.vscode-merge-base [36ms]
2026-04-17 22:46:23.833 [warning] [Git][config] git config failed: Failed to execute git
2026-04-17 22:46:23.835 [info] > git config --get commit.template [41ms]
2026-04-17 22:46:23.847 [info] > git reflog main --grep-reflog=branch: Created from *. [12ms]
2026-04-17 22:46:23.850 [info] > git rev-parse --show-toplevel [18ms]
2026-04-17 22:46:23.874 [info] > git symbolic-ref --short refs/remotes/origin/HEAD [24ms]
2026-04-17 22:46:23.890 [info] > git for-each-ref --format=%(refname)%00%(upstream:short)%00%(objectname)%00%(upstream:track)%00%(upstream:remotename)%00%(upstream:remoteref) refs/heads/origin/main refs/remotes/origin/main [15ms]
2026-04-17 22:46:23.893 [info] > git rev-parse --show-toplevel [20ms]
2026-04-17 22:46:23.893 [info] > git for-each-ref --format=%(refname)%00%(upstream:short)%00%(objectname)%00%(upstream:track)%00%(upstream:remotename)%00%(upstream:remoteref) refs/heads/main refs/remotes/main [22ms]
2026-04-17 22:46:23.898 [warning] [Git][revParse] Unable to read file: ENOENT: no such file or directory, open '/home/hypr/hypr-rice/.git/refs/remotes/origin/main'
2026-04-17 22:46:23.898 [info] > git config --add --local branch.main.vscode-merge-base origin/main [5ms]
2026-04-17 22:46:23.901 [info] > git rev-parse refs/remotes/origin/main [3ms]
2026-04-17 22:46:23.903 [info] > git rev-parse --show-toplevel [7ms]
2026-04-17 22:46:23.906 [info] > git config --get commit.template [5ms]
2026-04-17 22:46:23.907 [info] > git rev-parse --show-toplevel [2ms]
2026-04-17 22:46:23.911 [info] > git for-each-ref --format=%(refname)%00%(upstream:short)%00%(objectname)%00%(upstream:track)%00%(upstream:remotename)%00%(upstream:remoteref) refs/heads/main refs/remotes/main [2ms]
2026-04-17 22:46:23.914 [warning] [Git][revParse] Unable to read file: ENOENT: no such file or directory, open '/home/hypr/hypr-rice/.git/refs/remotes/origin/main'
2026-04-17 22:46:23.914 [info] > git rev-parse --show-toplevel [3ms]
2026-04-17 22:46:23.916 [info] [Model][doInitialScan] Initial repository scan completed - repositories (1), closed repositories (0), parent repositories (0), unsafe repositories (0)
2026-04-17 22:46:23.916 [info] > git rev-parse refs/remotes/origin/main [2ms]
2026-04-17 22:46:23.922 [info] > git for-each-ref --sort -committerdate --format %(refname)%00%(objectname)%00%(*objectname) [1ms]
2026-04-17 22:46:23.927 [info] > git status -z -uall [8ms]
2026-04-17 22:46:23.934 [info] > git merge-base refs/heads/main refs/remotes/origin/main [3ms]
2026-04-17 22:46:23.937 [info] > git merge-base refs/heads/main refs/remotes/origin/main [3ms]
2026-04-17 22:46:23.940 [info] > git diff --name-status -z --diff-filter=ADMR --find-renames=50% 4accfc709b81aef967bc0f08aad14784d7948df5...refs/remotes/origin/main -- [3ms]
2026-04-17 22:46:23.941 [info] > git diff --name-status -z --diff-filter=ADMR --find-renames=50% 4accfc709b81aef967bc0f08aad14784d7948df5...refs/remotes/origin/main -- [1ms]
2026-04-17 22:46:24.334 [info] > git check-ignore -v -z --stdin [1ms]
2026-04-17 22:46:24.978 [info] > git config --get commit.template [3ms]
2026-04-17 22:46:24.978 [info] > git for-each-ref --format=%(refname)%00%(upstream:short)%00%(objectname)%00%(upstream:track)%00%(upstream:remotename)%00%(upstream:remoteref) refs/heads/main refs/remotes/main [1ms]
2026-04-17 22:46:24.980 [warning] [Git][revParse] Unable to read file: ENOENT: no such file or directory, open '/home/hypr/hypr-rice/.git/refs/remotes/origin/main'
2026-04-17 22:46:24.981 [info] > git rev-parse refs/remotes/origin/main [1ms]
2026-04-17 22:46:24.986 [info] > git for-each-ref --sort -committerdate --format %(refname)%00%(objectname)%00%(*objectname) [1ms]
2026-04-17 22:46:24.994 [info] > git status -z -uall [11ms]
2026-04-17 22:46:27.221 [info] [main] Log level: Info
2026-04-17 22:46:27.221 [info] [main] Validating found git in: "git"
2026-04-17 22:46:27.221 [info] [main] Using git "2.53.0" from "git"
2026-04-17 22:46:27.221 [info] [Model][doInitialScan] Initial repository scan started
2026-04-17 22:46:27.221 [info] > git rev-parse --show-toplevel [240ms]
2026-04-17 22:46:27.221 [info] > git rev-parse --git-dir --git-common-dir --show-superproject-working-tree [23ms]
2026-04-17 22:46:27.229 [info] [Model][openRepository] Opened repository (path): /home/hypr/hypr-rice
2026-04-17 22:46:27.229 [info] [Model][openRepository] Opened repository (real path): /home/hypr/hypr-rice
2026-04-17 22:46:27.229 [info] [Model][openRepository] Opened repository (kind): repository
2026-04-17 22:46:27.236 [info] > git config --get commit.template [3ms]
2026-04-17 22:46:27.242 [info] > git for-each-ref --format=%(refname)%00%(upstream:short)%00%(objectname)%00%(upstream:track)%00%(upstream:remotename)%00%(upstream:remoteref) refs/heads/main refs/remotes/main [2ms]
2026-04-17 22:46:27.269 [warning] [Git][revParse] Unable to read file: ENOENT: no such file or directory, open '/home/hypr/hypr-rice/.git/refs/remotes/origin/main'
2026-04-17 22:46:27.280 [info] > git rev-parse refs/remotes/origin/main [11ms]
2026-04-17 22:46:27.291 [info] > git status -z -uall [8ms]
2026-04-17 22:46:27.291 [info] > git for-each-ref --sort -committerdate --format %(refname)%00%(objectname)%00%(*objectname) [5ms]
2026-04-17 22:46:27.306 [info] > git rev-parse --show-toplevel [26ms]
2026-04-17 22:46:27.311 [info] > git for-each-ref --format=%(refname)%00%(upstream:short)%00%(objectname)%00%(upstream:track)%00%(upstream:remotename)%00%(upstream:remoteref) refs/heads/main refs/remotes/main [6ms]
2026-04-17 22:46:27.322 [info] > git config --get --local branch.main.vscode-merge-base [8ms]
2026-04-17 22:46:27.325 [info] > git rev-parse --show-toplevel [14ms]
2026-04-17 22:46:27.325 [info] > git config --get commit.template [16ms]
2026-04-17 22:46:27.329 [info] > git for-each-ref --format=%(refname)%00%(upstream:short)%00%(objectname)%00%(upstream:track)%00%(upstream:remotename)%00%(upstream:remoteref) refs/heads/origin/main refs/remotes/origin/main [4ms]
2026-04-17 22:46:27.336 [info] > git merge-base refs/heads/main refs/remotes/origin/main [3ms]
2026-04-17 22:46:27.339 [info] > git rev-parse --show-toplevel [10ms]
2026-04-17 22:46:27.344 [info] > git diff --name-status -z --diff-filter=ADMR --find-renames=50% 4accfc709b81aef967bc0f08aad14784d7948df5...refs/remotes/origin/main -- [5ms]
2026-04-17 22:46:27.345 [info] > git for-each-ref --format=%(refname)%00%(upstream:short)%00%(objectname)%00%(upstream:track)%00%(upstream:remotename)%00%(upstream:remoteref) refs/heads/main refs/remotes/main [9ms]
2026-04-17 22:46:27.345 [info] > git rev-parse --show-toplevel [1ms]
2026-04-17 22:46:27.348 [warning] [Git][revParse] Unable to read file: ENOENT: no such file or directory, open '/home/hypr/hypr-rice/.git/refs/remotes/origin/main'
2026-04-17 22:46:27.351 [info] > git rev-parse refs/remotes/origin/main [3ms]
2026-04-17 22:46:27.357 [info] > git rev-parse --show-toplevel [7ms]
2026-04-17 22:46:27.360 [info] > git for-each-ref --sort -committerdate --format %(refname)%00%(objectname)%00%(*objectname) [4ms]
2026-04-17 22:46:27.361 [info] > git rev-parse --show-toplevel [2ms]
2026-04-17 22:46:27.364 [info] > git status -z -uall [11ms]
2026-04-17 22:46:27.367 [info] > git rev-parse --show-toplevel [3ms]
2026-04-17 22:46:27.370 [info] > git rev-parse --show-toplevel [1ms]
2026-04-17 22:46:27.395 [info] > git rev-parse --show-toplevel [22ms]
2026-04-17 22:46:27.397 [info] [Model][doInitialScan] Initial repository scan completed - repositories (1), closed repositories (0), parent repositories (0), unsafe repositories (0)
2026-04-17 22:46:27.746 [info] > git check-ignore -v -z --stdin [1ms]
2026-04-17 22:47:35.160 [info] > git check-ignore -v -z --stdin [14ms]
2026-04-17 22:47:35.195 [info] > git show --textconv :BUILD_PLAN.md [4ms]
2026-04-17 22:47:35.206 [info] > git hash-object -t tree /dev/null [8ms]
2026-04-17 22:47:35.207 [warning] [GitFileSystemProvider][readFile] File not found - git:/home/hypr/hypr-rice/BUILD_PLAN.md.git?%7B%22path%22%3A%22%2Fhome%2Fhypr%2Fhypr-rice%2FBUILD_PLAN.md%22%2C%22ref%22%3A%22%22%7D
2026-04-17 22:47:35.207 [info] > git ls-files --stage -- BUILD_PLAN.md [13ms]
2026-04-17 22:47:35.207 [warning] [GitFileSystemProvider][stat] File not found - git:/home/hypr/hypr-rice/BUILD_PLAN.md.git?%7B%22path%22%3A%22%2Fhome%2Fhypr%2Fhypr-rice%2FBUILD_PLAN.md%22%2C%22ref%22%3A%22%22%7D
2026-04-17 22:47:35.450 [info] > git check-ignore -v -z --stdin [2ms]
2026-04-17 22:47:36.063 [info] > git config --get commit.template [6ms]
2026-04-17 22:47:36.064 [info] > git for-each-ref --format=%(refname)%00%(upstream:short)%00%(objectname)%00%(upstream:track)%00%(upstream:remotename)%00%(upstream:remoteref) refs/heads/main refs/remotes/main [2ms]
2026-04-17 22:47:36.069 [warning] [Git][revParse] Unable to read file: ENOENT: no such file or directory, open '/home/hypr/hypr-rice/.git/refs/remotes/origin/main'
2026-04-17 22:47:36.070 [info] > git rev-parse refs/remotes/origin/main [1ms]
2026-04-17 22:47:36.081 [info] > git for-each-ref --sort -committerdate --format %(refname)%00%(objectname)%00%(*objectname) [2ms]
2026-04-17 22:47:36.089 [info] > git status -z -uall [15ms]
2026-04-17 22:47:36.240 [info] > git check-ignore -v -z --stdin [2ms]
2026-04-17 22:47:53.317 [info] > git config --get commit.template [7ms]
2026-04-17 22:47:53.318 [info] > git for-each-ref --format=%(refname)%00%(upstream:short)%00%(objectname)%00%(upstream:track)%00%(upstream:remotename)%00%(upstream:remoteref) refs/heads/main refs/remotes/main [2ms]
2026-04-17 22:47:53.324 [warning] [Git][revParse] Unable to read file: ENOENT: no such file or directory, open '/home/hypr/hypr-rice/.git/refs/remotes/origin/main'
2026-04-17 22:47:53.325 [info] > git rev-parse refs/remotes/origin/main [1ms]
2026-04-17 22:47:53.335 [info] > git for-each-ref --sort -committerdate --format %(refname)%00%(objectname)%00%(*objectname) [1ms]
2026-04-17 22:47:53.340 [info] > git status -z -uall [10ms]
2026-04-17 22:48:46.435 [info] > git check-ignore -v -z --stdin [1ms]
2026-04-17 22:48:46.485 [info] > git check-ignore -v -z --stdin [1ms]
2026-04-17 22:48:46.649 [info] > git show --textconv :VELORA_RICE_CONTEXT.md [7ms]
2026-04-17 22:48:46.650 [warning] [GitFileSystemProvider][readFile] File not found - git:/home/hypr/hypr-rice/VELORA_RICE_CONTEXT.md.git?%7B%22path%22%3A%22%2Fhome%2Fhypr%2Fhypr-rice%2FVELORA_RICE_CONTEXT.md%22%2C%22ref%22%3A%22%22%7D
2026-04-17 22:48:46.651 [info] > git ls-files --stage -- VELORA_RICE_CONTEXT.md [3ms]
2026-04-17 22:48:46.651 [warning] [GitFileSystemProvider][stat] File not found - git:/home/hypr/hypr-rice/VELORA_RICE_CONTEXT.md.git?%7B%22path%22%3A%22%2Fhome%2Fhypr%2Fhypr-rice%2FVELORA_RICE_CONTEXT.md%22%2C%22ref%22%3A%22%22%7D
2026-04-17 22:48:46.918 [info] > git check-ignore -v -z --stdin [2ms]
2026-04-17 22:48:47.488 [info] > git config --get commit.template [7ms]
2026-04-17 22:48:47.490 [info] > git for-each-ref --format=%(refname)%00%(upstream:short)%00%(objectname)%00%(upstream:track)%00%(upstream:remotename)%00%(upstream:remoteref) refs/heads/main refs/remotes/main [3ms]
2026-04-17 22:48:47.495 [warning] [Git][revParse] Unable to read file: ENOENT: no such file or directory, open '/home/hypr/hypr-rice/.git/refs/remotes/origin/main'
2026-04-17 22:48:47.497 [info] > git rev-parse refs/remotes/origin/main [2ms]
2026-04-17 22:48:47.509 [info] > git for-each-ref --sort -committerdate --format %(refname)%00%(objectname)%00%(*objectname) [2ms]
2026-04-17 22:48:47.514 [info] > git status -z -uall [12ms]
2026-04-17 22:48:50.350 [info] > git check-ignore -v -z --stdin [1ms]
2026-04-17 22:48:50.390 [info] > git check-ignore -v -z --stdin [1ms]
2026-04-17 22:48:52.532 [info] > git config --get commit.template [6ms]
2026-04-17 22:48:52.533 [info] > git for-each-ref --format=%(refname)%00%(upstream:short)%00%(objectname)%00%(upstream:track)%00%(upstream:remotename)%00%(upstream:remoteref) refs/heads/main refs/remotes/main [1ms]
2026-04-17 22:48:52.537 [warning] [Git][revParse] Unable to read file: ENOENT: no such file or directory, open '/home/hypr/hypr-rice/.git/refs/remotes/origin/main'
2026-04-17 22:48:52.539 [info] > git rev-parse refs/remotes/origin/main [2ms]
2026-04-17 22:48:52.551 [info] > git for-each-ref --sort -committerdate --format %(refname)%00%(objectname)%00%(*objectname) [2ms]
2026-04-17 22:48:52.562 [info] > git status -z -uall [18ms]
2026-04-17 22:53:42.680 [info] > git config --get commit.template [8ms]
2026-04-17 22:53:42.681 [info] > git for-each-ref --format=%(refname)%00%(upstream:short)%00%(objectname)%00%(upstream:track)%00%(upstream:remotename)%00%(upstream:remoteref) refs/heads/main refs/remotes/main [2ms]
2026-04-17 22:53:42.688 [warning] [Git][revParse] Unable to read file: ENOENT: no such file or directory, open '/home/hypr/hypr-rice/.git/refs/remotes/origin/main'
2026-04-17 22:53:42.697 [info] > git rev-parse refs/remotes/origin/main [9ms]
2026-04-17 22:53:42.708 [info] > git check-ignore -v -z --stdin [12ms]
2026-04-17 22:53:42.709 [info] > git for-each-ref --sort -committerdate --format %(refname)%00%(objectname)%00%(*objectname) [2ms]
2026-04-17 22:53:42.713 [info] > git status -z -uall [11ms]
2026-04-17 22:54:01.139 [info] > git check-ignore -v -z --stdin [1ms]
2026-04-17 22:54:01.701 [info] > git config --get commit.template [9ms]
2026-04-17 22:54:01.703 [info] > git for-each-ref --format=%(refname)%00%(upstream:short)%00%(objectname)%00%(upstream:track)%00%(upstream:remotename)%00%(upstream:remoteref) refs/heads/main refs/remotes/main [3ms]
2026-04-17 22:54:01.708 [warning] [Git][revParse] Unable to read file: ENOENT: no such file or directory, open '/home/hypr/hypr-rice/.git/refs/remotes/origin/main'
2026-04-17 22:54:01.709 [info] > git rev-parse refs/remotes/origin/main [1ms]
2026-04-17 22:54:01.724 [info] > git for-each-ref --sort -committerdate --format %(refname)%00%(objectname)%00%(*objectname) [2ms]
2026-04-17 22:54:01.727 [info] > git status -z -uall [12ms]
2026-04-17 22:54:33.301 [info] > git check-ignore -v -z --stdin [3ms]
2026-04-17 22:54:33.844 [info] > git config --get commit.template [8ms]
2026-04-17 22:54:33.846 [info] > git for-each-ref --format=%(refname)%00%(upstream:short)%00%(objectname)%00%(upstream:track)%00%(upstream:remotename)%00%(upstream:remoteref) refs/heads/main refs/remotes/main [3ms]
2026-04-17 22:54:33.850 [warning] [Git][revParse] Unable to read file: ENOENT: no such file or directory, open '/home/hypr/hypr-rice/.git/refs/remotes/origin/main'
2026-04-17 22:54:33.852 [info] > git rev-parse refs/remotes/origin/main [2ms]
2026-04-17 22:54:33.866 [info] > git for-each-ref --sort -committerdate --format %(refname)%00%(objectname)%00%(*objectname) [2ms]
2026-04-17 22:54:33.871 [info] > git status -z -uall [14ms]
2026-04-17 22:54:52.673 [info] > git config --get commit.template [6ms]
2026-04-17 22:54:52.674 [info] > git for-each-ref --format=%(refname)%00%(upstream:short)%00%(objectname)%00%(upstream:track)%00%(upstream:remotename)%00%(upstream:remoteref) refs/heads/main refs/remotes/main [2ms]
2026-04-17 22:54:52.679 [warning] [Git][revParse] Unable to read file: ENOENT: no such file or directory, open '/home/hypr/hypr-rice/.git/refs/remotes/origin/main'
2026-04-17 22:54:52.681 [info] > git rev-parse refs/remotes/origin/main [2ms]
2026-04-17 22:54:52.692 [info] > git for-each-ref --sort -committerdate --format %(refname)%00%(objectname)%00%(*objectname) [2ms]
2026-04-17 22:54:52.696 [info] > git status -z -uall [11ms]
2026-04-17 22:56:49.347 [info] > git check-ignore -v -z --stdin [2ms]
2026-04-17 22:56:49.831 [info] > git config --get commit.template [9ms]
2026-04-17 22:56:49.833 [info] > git for-each-ref --format=%(refname)%00%(upstream:short)%00%(objectname)%00%(upstream:track)%00%(upstream:remotename)%00%(upstream:remoteref) refs/heads/main refs/remotes/main [3ms]
2026-04-17 22:56:49.839 [warning] [Git][revParse] Unable to read file: ENOENT: no such file or directory, open '/home/hypr/hypr-rice/.git/refs/remotes/origin/main'
2026-04-17 22:56:49.840 [info] > git rev-parse refs/remotes/origin/main [1ms]
2026-04-17 22:56:49.857 [info] > git for-each-ref --sort -committerdate --format %(refname)%00%(objectname)%00%(*objectname) [4ms]
2026-04-17 22:56:49.860 [info] > git status -z -uall [14ms]
2026-04-17 22:59:50.838 [info] > git config --get commit.template [2ms]
2026-04-17 22:59:50.845 [info] > git for-each-ref --format=%(refname)%00%(upstream:short)%00%(objectname)%00%(upstream:track)%00%(upstream:remotename)%00%(upstream:remoteref) refs/heads/main refs/remotes/main [2ms]
2026-04-17 22:59:50.850 [warning] [Git][revParse] Unable to read file: ENOENT: no such file or directory, open '/home/hypr/hypr-rice/.git/refs/remotes/origin/main'
2026-04-17 22:59:50.857 [info] > git rev-parse refs/remotes/origin/main [7ms]
2026-04-17 22:59:50.869 [info] > git check-ignore -v -z --stdin [12ms]
2026-04-17 22:59:50.870 [info] > git for-each-ref --sort -committerdate --format %(refname)%00%(objectname)%00%(*objectname) [2ms]
2026-04-17 22:59:50.874 [info] > git status -z -uall [12ms]
2026-04-17 23:00:04.064 [info] > git check-ignore -v -z --stdin [1ms]
2026-04-17 23:00:04.912 [info] > git check-ignore -v -z --stdin [1ms]
2026-04-17 23:00:05.411 [info] > git config --get commit.template [4ms]
2026-04-17 23:00:05.411 [info] > git for-each-ref --format=%(refname)%00%(upstream:short)%00%(objectname)%00%(upstream:track)%00%(upstream:remotename)%00%(upstream:remoteref) refs/heads/main refs/remotes/main [1ms]
2026-04-17 23:00:05.413 [warning] [Git][revParse] Unable to read file: ENOENT: no such file or directory, open '/home/hypr/hypr-rice/.git/refs/remotes/origin/main'
2026-04-17 23:00:05.414 [info] > git rev-parse refs/remotes/origin/main [1ms]
2026-04-17 23:00:05.419 [info] > git for-each-ref --sort -committerdate --format %(refname)%00%(objectname)%00%(*objectname) [1ms]
2026-04-17 23:00:05.420 [info] > git status -z -uall [4ms]
2026-04-17 23:00:07.104 [info] > git check-ignore -v -z --stdin [3ms]
2026-04-17 23:00:10.436 [info] > git config --get commit.template [6ms]
2026-04-17 23:00:10.438 [info] > git for-each-ref --format=%(refname)%00%(upstream:short)%00%(objectname)%00%(upstream:track)%00%(upstream:remotename)%00%(upstream:remoteref) refs/heads/main refs/remotes/main [3ms]
2026-04-17 23:00:10.444 [warning] [Git][revParse] Unable to read file: ENOENT: no such file or directory, open '/home/hypr/hypr-rice/.git/refs/remotes/origin/main'
2026-04-17 23:00:10.445 [info] > git rev-parse refs/remotes/origin/main [1ms]
2026-04-17 23:00:10.456 [info] > git for-each-ref --sort -committerdate --format %(refname)%00%(objectname)%00%(*objectname) [2ms]
2026-04-17 23:00:10.458 [info] > git status -z -uall [9ms]
2026-04-17 23:00:14.623 [info] > git check-ignore -v -z --stdin [2ms]
2026-04-17 23:00:20.447 [info] > git check-ignore -v -z --stdin [3ms]
2026-04-17 23:00:20.990 [info] > git config --get commit.template [3ms]
2026-04-17 23:00:20.999 [info] > git for-each-ref --format=%(refname)%00%(upstream:short)%00%(objectname)%00%(upstream:track)%00%(upstream:remotename)%00%(upstream:remoteref) refs/heads/main refs/remotes/main [2ms]
2026-04-17 23:00:21.006 [warning] [Git][revParse] Unable to read file: ENOENT: no such file or directory, open '/home/hypr/hypr-rice/.git/refs/remotes/origin/main'
2026-04-17 23:00:21.008 [info] > git rev-parse refs/remotes/origin/main [2ms]
2026-04-17 23:00:21.023 [info] > git for-each-ref --sort -committerdate --format %(refname)%00%(objectname)%00%(*objectname) [2ms]
2026-04-17 23:00:21.023 [info] > git status -z -uall [8ms]
2026-04-17 23:00:38.242 [info] > git check-ignore -v -z --stdin [2ms]
2026-04-17 23:00:38.800 [info] > git config --get commit.template [8ms]
2026-04-17 23:00:38.802 [info] > git for-each-ref --format=%(refname)%00%(upstream:short)%00%(objectname)%00%(upstream:track)%00%(upstream:remotename)%00%(upstream:remoteref) refs/heads/main refs/remotes/main [3ms]
2026-04-17 23:00:38.806 [warning] [Git][revParse] Unable to read file: ENOENT: no such file or directory, open '/home/hypr/hypr-rice/.git/refs/remotes/origin/main'
2026-04-17 23:00:38.806 [info] > git rev-parse refs/remotes/origin/main [0ms]
2026-04-17 23:00:38.814 [info] > git for-each-ref --sort -committerdate --format %(refname)%00%(objectname)%00%(*objectname) [2ms]
2026-04-17 23:00:38.816 [info] > git status -z -uall [6ms]
2026-04-17 23:01:16.576 [info] > git check-ignore -v -z --stdin [2ms]
2026-04-17 23:01:17.074 [info] > git check-ignore -v -z --stdin [0ms]
2026-04-17 23:01:17.130 [info] > git check-ignore -v -z --stdin [1ms]
2026-04-17 23:01:17.873 [info] > git check-ignore -v -z --stdin [0ms]
2026-04-17 23:01:17.907 [info] > git check-ignore -v -z --stdin [1ms]
2026-04-17 23:01:18.692 [info] > git check-ignore -v -z --stdin [1ms]
2026-04-17 23:01:18.723 [info] > git check-ignore -v -z --stdin [1ms]
2026-04-17 23:01:20.029 [info] > git check-ignore -v -z --stdin [1ms]
2026-04-17 23:01:20.059 [info] > git check-ignore -v -z --stdin [1ms]
2026-04-17 23:01:23.051 [info] > git check-ignore -v -z --stdin [1ms]
2026-04-17 23:01:23.083 [info] > git check-ignore -v -z --stdin [1ms]
2026-04-17 23:01:24.008 [info] > git check-ignore -v -z --stdin [1ms]
2026-04-17 23:01:24.035 [info] > git check-ignore -v -z --stdin [2ms]
2026-04-17 23:01:25.125 [info] > git check-ignore -v -z --stdin [0ms]
2026-04-17 23:01:25.154 [info] > git check-ignore -v -z --stdin [1ms]
2026-04-17 23:01:29.424 [info] > git check-ignore -v -z --stdin [1ms]
2026-04-17 23:01:29.464 [info] > git check-ignore -v -z --stdin [1ms]
2026-04-17 23:04:19.227 [info] > git config --get commit.template [8ms]
2026-04-17 23:04:19.229 [info] > git for-each-ref --format=%(refname)%00%(upstream:short)%00%(objectname)%00%(upstream:track)%00%(upstream:remotename)%00%(upstream:remoteref) refs/heads/main refs/remotes/main [3ms]
2026-04-17 23:04:19.234 [warning] [Git][revParse] Unable to read file: ENOENT: no such file or directory, open '/home/hypr/hypr-rice/.git/refs/remotes/origin/main'
2026-04-17 23:04:19.236 [info] > git rev-parse refs/remotes/origin/main [2ms]
2026-04-17 23:04:19.250 [info] > git for-each-ref --sort -committerdate --format %(refname)%00%(objectname)%00%(*objectname) [2ms]
2026-04-17 23:04:19.254 [info] > git status -z -uall [12ms]
2026-04-17 23:04:44.511 [info] > git check-ignore -v -z --stdin [2ms]
2026-04-17 23:05:31.777 [info] > git check-ignore -v -z --stdin [2ms]
2026-04-17 23:05:32.287 [info] > git config --get commit.template [8ms]
2026-04-17 23:05:32.289 [info] > git for-each-ref --format=%(refname)%00%(upstream:short)%00%(objectname)%00%(upstream:track)%00%(upstream:remotename)%00%(upstream:remoteref) refs/heads/main refs/remotes/main [4ms]
2026-04-17 23:05:32.296 [warning] [Git][revParse] Unable to read file: ENOENT: no such file or directory, open '/home/hypr/hypr-rice/.git/refs/remotes/origin/main'
2026-04-17 23:05:32.298 [info] > git rev-parse refs/remotes/origin/main [2ms]
2026-04-17 23:05:32.314 [info] > git for-each-ref --sort -committerdate --format %(refname)%00%(objectname)%00%(*objectname) [2ms]
2026-04-17 23:05:32.318 [info] > git status -z -uall [13ms]
2026-04-17 23:05:44.642 [info] > git config --get commit.template [2ms]
2026-04-17 23:05:44.649 [info] > git for-each-ref --format=%(refname)%00%(upstream:short)%00%(objectname)%00%(upstream:track)%00%(upstream:remotename)%00%(upstream:remoteref) refs/heads/main refs/remotes/main [2ms]
2026-04-17 23:05:44.653 [warning] [Git][revParse] Unable to read file: ENOENT: no such file or directory, open '/home/hypr/hypr-rice/.git/refs/remotes/origin/main'
2026-04-17 23:05:44.655 [info] > git rev-parse refs/remotes/origin/main [2ms]
2026-04-17 23:05:44.666 [info] > git for-each-ref --sort -committerdate --format %(refname)%00%(objectname)%00%(*objectname) [2ms]
2026-04-17 23:05:44.669 [info] > git status -z -uall [9ms]
2026-04-17 23:05:49.103 [info] > git check-ignore -v -z --stdin [1ms]
2026-04-17 23:05:50.800 [info] > git check-ignore -v -z --stdin [1ms]
2026-04-17 23:05:52.676 [info] > git check-ignore -v -z --stdin [1ms]
2026-04-17 23:05:52.859 [info] > git check-ignore -v -z --stdin [45ms]
2026-04-17 23:05:52.890 [info] > git show --textconv :waybar/config.jsonc [3ms]
2026-04-17 23:05:52.890 [info] > git ls-files --stage -- waybar/config.jsonc [1ms]
2026-04-17 23:05:52.894 [info] > git cat-file -s 03b87dd1b1b61766f1f29f6324014faa685e2a0f [1ms]
2026-04-17 23:05:55.513 [info] > git check-ignore -v -z --stdin [2ms]
2026-04-17 23:05:55.542 [info] > git check-ignore -v -z --stdin [0ms]
2026-04-17 23:05:55.724 [info] > git show --textconv :hyprland1.conf [6ms]
2026-04-17 23:05:55.725 [info] > git ls-files --stage -- hyprland1.conf [2ms]
2026-04-17 23:05:55.731 [info] > git cat-file -s 73bc7da61d7b0e34f9817ea9aea2bb5f3e0e823c [2ms]
2026-04-17 23:05:57.925 [info] > git check-ignore -v -z --stdin [2ms]
2026-04-17 23:05:58.519 [info] > git config --get commit.template [7ms]
2026-04-17 23:05:58.521 [info] > git for-each-ref --format=%(refname)%00%(upstream:short)%00%(objectname)%00%(upstream:track)%00%(upstream:remotename)%00%(upstream:remoteref) refs/heads/main refs/remotes/main [3ms]
2026-04-17 23:05:58.527 [warning] [Git][revParse] Unable to read file: ENOENT: no such file or directory, open '/home/hypr/hypr-rice/.git/refs/remotes/origin/main'
2026-04-17 23:05:58.529 [info] > git rev-parse refs/remotes/origin/main [2ms]
2026-04-17 23:05:58.543 [info] > git for-each-ref --sort -committerdate --format %(refname)%00%(objectname)%00%(*objectname) [3ms]
2026-04-17 23:05:58.545 [info] > git status -z -uall [11ms]
2026-04-17 23:06:20.704 [info] > git check-ignore -v -z --stdin [1ms]
2026-04-17 23:06:21.211 [info] > git config --get commit.template [5ms]
2026-04-17 23:06:21.216 [info] > git for-each-ref --format=%(refname)%00%(upstream:short)%00%(objectname)%00%(upstream:track)%00%(upstream:remotename)%00%(upstream:remoteref) refs/heads/main refs/remotes/main [1ms]
2026-04-17 23:06:21.219 [warning] [Git][revParse] Unable to read file: ENOENT: no such file or directory, open '/home/hypr/hypr-rice/.git/refs/remotes/origin/main'
2026-04-17 23:06:21.219 [info] > git rev-parse refs/remotes/origin/main [0ms]
2026-04-17 23:06:21.226 [info] > git for-each-ref --sort -committerdate --format %(refname)%00%(objectname)%00%(*objectname) [1ms]
2026-04-17 23:06:21.226 [info] > git status -z -uall [4ms]
2026-04-17 23:06:47.952 [info] > git check-ignore -v -z --stdin [2ms]
2026-04-17 23:07:13.436 [info] > git config --get commit.template [8ms]
2026-04-17 23:07:13.437 [info] > git for-each-ref --format=%(refname)%00%(upstream:short)%00%(objectname)%00%(upstream:track)%00%(upstream:remotename)%00%(upstream:remoteref) refs/heads/main refs/remotes/main [2ms]
2026-04-17 23:07:13.442 [warning] [Git][revParse] Unable to read file: ENOENT: no such file or directory, open '/home/hypr/hypr-rice/.git/refs/remotes/origin/main'
2026-04-17 23:07:13.444 [info] > git rev-parse refs/remotes/origin/main [1ms]
2026-04-17 23:07:13.455 [info] > git for-each-ref --sort -committerdate --format %(refname)%00%(objectname)%00%(*objectname) [1ms]
2026-04-17 23:07:13.457 [info] > git status -z -uall [8ms]
2026-04-17 23:07:23.846 [info] > git config --get commit.template [4ms]
2026-04-17 23:07:23.846 [info] > git for-each-ref --format=%(refname)%00%(upstream:short)%00%(objectname)%00%(upstream:track)%00%(upstream:remotename)%00%(upstream:remoteref) refs/heads/main refs/remotes/main [1ms]
2026-04-17 23:07:23.849 [warning] [Git][revParse] Unable to read file: ENOENT: no such file or directory, open '/home/hypr/hypr-rice/.git/refs/remotes/origin/main'
2026-04-17 23:07:23.850 [info] > git rev-parse refs/remotes/origin/main [1ms]
2026-04-17 23:07:23.856 [info] > git for-each-ref --sort -committerdate --format %(refname)%00%(objectname)%00%(*objectname) [1ms]
2026-04-17 23:07:23.858 [info] > git status -z -uall [6ms]
2026-04-17 23:07:25.338 [info] > git check-ignore -v -z --stdin [2ms]
2026-04-17 23:07:28.870 [info] > git config --get commit.template [1ms]
2026-04-17 23:07:28.876 [info] > git for-each-ref --format=%(refname)%00%(upstream:short)%00%(objectname)%00%(upstream:track)%00%(upstream:remotename)%00%(upstream:remoteref) refs/heads/main refs/remotes/main [1ms]
2026-04-17 23:07:28.880 [warning] [Git][revParse] Unable to read file: ENOENT: no such file or directory, open '/home/hypr/hypr-rice/.git/refs/remotes/origin/main'
2026-04-17 23:07:28.881 [info] > git rev-parse refs/remotes/origin/main [1ms]
2026-04-17 23:07:28.893 [info] > git for-each-ref --sort -committerdate --format %(refname)%00%(objectname)%00%(*objectname) [2ms]
2026-04-17 23:07:28.898 [info] > git status -z -uall [12ms]
2026-04-17 23:07:29.293 [info] > git check-ignore -v -z --stdin [1ms]
2026-04-17 23:07:29.340 [info] > git check-ignore -v -z --stdin [1ms]
2026-04-17 23:07:34.855 [info] > git check-ignore -v -z --stdin [1ms]
2026-04-17 23:07:34.905 [info] > git check-ignore -v -z --stdin [1ms]
2026-04-17 23:07:39.079 [info] > git check-ignore -v -z --stdin [1ms]
2026-04-17 23:07:39.124 [info] > git check-ignore -v -z --stdin [2ms]
2026-04-17 23:07:40.193 [info] > git check-ignore -v -z --stdin [1ms]
2026-04-17 23:07:40.235 [info] > git check-ignore -v -z --stdin [1ms]
2026-04-17 23:07:44.005 [info] > git check-ignore -v -z --stdin [1ms]
2026-04-17 23:07:44.054 [info] > git check-ignore -v -z --stdin [1ms]
